Using pre-set license
Built from '2021.3/staging' branch; Version is '2021.3.4f1 (cb45f9cae8b7) revision 13321721'; Using compiler version '192829333'; Build Type 'Release'
OS: 'Windows 10  (10.0.19044) 64bit Professional' Language: 'en' Physical Memory: 32683 MB
BatchMode: 1, IsHumanControllingUs: 0, StartBugReporterOnCrash: 0, Is64bit: 1, IsPro: 1

COMMAND LINE ARGUMENTS:
C:\Program Files\Unity\2021.3.4f1\Editor\Unity.exe
-adb2
-batchMode
-noUpm
-name
AssetImportWorker1
-projectPath
D:/Coding/TakeBackTheSummer
-logFile
Logs/AssetImportWorker1.log
-srvPort
51433
Successfully changed project path to: D:/Coding/TakeBackTheSummer
D:/Coding/TakeBackTheSummer
[UnityMemory] Configuration Parameters - Can be set up in boot.config
    "memorysetup-bucket-allocator-granularity=16"
    "memorysetup-bucket-allocator-bucket-count=8"
    "memorysetup-bucket-allocator-block-size=33554432"
    "memorysetup-bucket-allocator-block-count=8"
    "memorysetup-main-allocator-block-size=16777216"
    "memorysetup-thread-allocator-block-size=16777216"
    "memorysetup-gfx-main-allocator-block-size=16777216"
    "memorysetup-gfx-thread-allocator-block-size=16777216"
    "memorysetup-cache-allocator-block-size=4194304"
    "memorysetup-typetree-allocator-block-size=2097152"
    "memorysetup-profiler-bucket-allocator-granularity=16"
    "memorysetup-profiler-bucket-allocator-bucket-count=8"
    "memorysetup-profiler-bucket-allocator-block-size=33554432"
    "memorysetup-profiler-bucket-allocator-block-count=8"
    "memorysetup-profiler-allocator-block-size=16777216"
    "memorysetup-profiler-editor-allocator-block-size=1048576"
    "memorysetup-temp-allocator-size-main=16777216"
    "memorysetup-job-temp-allocator-block-size=2097152"
    "memorysetup-job-temp-allocator-block-size-background=1048576"
    "memorysetup-job-temp-allocator-reduction-small-platforms=262144"
    "memorysetup-temp-allocator-size-background-worker=32768"
    "memorysetup-temp-allocator-size-job-worker=262144"
    "memorysetup-temp-allocator-size-preload-manager=33554432"
    "memorysetup-temp-allocator-size-nav-mesh-worker=65536"
    "memorysetup-temp-allocator-size-audio-worker=65536"
    "memorysetup-temp-allocator-size-cloud-worker=32768"
    "memorysetup-temp-allocator-size-gi-baking-worker=262144"
    "memorysetup-temp-allocator-size-gfx=262144"
Refreshing native plugins compatible for Editor in 85.57 ms, found 4 plugins.
Preloading 0 native plugins for Editor in 0.00 ms.
Initialize engine version: 2021.3.4f1 (cb45f9cae8b7)
[Subsystems] Discovering subsystems at path C:/Program Files/Unity/2021.3.4f1/Editor/Data/Resources/UnitySubsystems
[Subsystems] Discovering subsystems at path D:/Coding/TakeBackTheSummer/Assets
GfxDevice: creating device client; threaded=0; jobified=0
Direct3D:
    Version:  Direct3D 11.0 [level 11.1]
    Renderer: NVIDIA GeForce RTX 2080 SUPER (ID=0x1e81)
    Vendor:   NVIDIA
    VRAM:     8010 MB
    Driver:   30.0.15.1295
Initialize mono
Mono path[0] = 'C:/Program Files/Unity/2021.3.4f1/Editor/Data/Managed'
Mono path[1] = 'C:/Program Files/Unity/2021.3.4f1/Editor/Data/MonoBleedingEdge/lib/mono/unityjit-win32'
Mono config path = 'C:/Program Files/Unity/2021.3.4f1/Editor/Data/MonoBleedingEdge/etc'
Using monoOptions --debugger-agent=transport=dt_socket,embedding=1,server=y,suspend=n,address=127.0.0.1:56788
Begin MonoManager ReloadAssembly
Registering precompiled unity dll's ...
Register platform support module: C:/Program Files/Unity/2021.3.4f1/Editor/Data/PlaybackEngines/WebGLSupport/UnityEditor.WebGL.Extensions.dll
Register platform support module: C:/Program Files/Unity/2021.3.4f1/Editor/Data/PlaybackEngines/MacStandaloneSupport/UnityEditor.OSXStandalone.Extensions.dll
Register platform support module: C:/Program Files/Unity/2021.3.4f1/Editor/Data/PlaybackEngines/AndroidPlayer/UnityEditor.Android.Extensions.dll
Register platform support module: C:/Program Files/Unity/2021.3.4f1/Editor/Data/PlaybackEngines/iOSSupport/UnityEditor.iOS.Extensions.dll
Register platform support module: C:/Program Files/Unity/2021.3.4f1/Editor/Data/PlaybackEngines/AppleTVSupport/UnityEditor.AppleTV.Extensions.dll
Register platform support module: C:/Program Files/Unity/2021.3.4f1/Editor/Data/PlaybackEngines/WindowsStandaloneSupport/UnityEditor.WindowsStandalone.Extensions.dll
Register platform support module: C:/Program Files/Unity/2021.3.4f1/Editor/Data/PlaybackEngines/LinuxStandaloneSupport/UnityEditor.LinuxStandalone.Extensions.dll
Register platform support module: C:/Program Files/Unity/2021.3.4f1/Editor/Data/PlaybackEngines/MetroSupport/UnityEditor.UWP.Extensions.dll
Registered in 0.013573 seconds.
Native extension for UWP target not found
Native extension for LinuxStandalone target not found
Native extension for WindowsStandalone target not found
[usbmuxd] Start listen thread
[usbmuxd] Listen thread started
Native extension for AppleTV target not found
[usbmuxd] Start listen thread
[usbmuxd] Listen thread started
Native extension for iOS target not found
Native extension for Android target not found
Native extension for OSXStandalone target not found
Native extension for WebGL target not found
Refreshing native plugins compatible for Editor in 84.72 ms, found 4 plugins.
Preloading 0 native plugins for Editor in 0.00 ms.
Mono: successfully reloaded assembly
- Completed reload, in  0.623 seconds
Domain Reload Profiling:
	ReloadAssembly (623ms)
		BeginReloadAssembly (71ms)
			ExecutionOrderSort (0ms)
			DisableScriptedObjects (0ms)
			BackupInstance (0ms)
			ReleaseScriptingObjects (0ms)
			CreateAndSetChildDomain (1ms)
		EndReloadAssembly (444ms)
			LoadAssemblies (71ms)
			RebuildTransferFunctionScriptingTraits (0ms)
			SetupTypeCache (91ms)
			ReleaseScriptCaches (0ms)
			RebuildScriptCaches (27ms)
			SetupLoadedEditorAssemblies (279ms)
				LogAssemblyErrors (0ms)
				InitializePlatformSupportModulesInManaged (72ms)
				SetLoadedEditorAssemblies (0ms)
				RefreshPlugins (85ms)
				BeforeProcessingInitializeOnLoad (1ms)
				ProcessInitializeOnLoadAttributes (81ms)
				ProcessInitializeOnLoadMethodAttributes (39ms)
				AfterProcessingInitializeOnLoad (0ms)
				EditorAssembliesLoaded (0ms)
			ExecutionOrderSort2 (0ms)
			AwakeInstancesAfterBackupRestoration (0ms)
Platform modules already initialized, skipping
Registering precompiled user dll's ...
Registered in 0.006086 seconds.
Begin MonoManager ReloadAssembly
Symbol file LoadedFromMemory doesn't match image D:\Coding\TakeBackTheSummer\Library\PackageCache\com.unity.visualscripting@1.7.8\Editor\VisualScripting.Core\Dependencies\YamlDotNet\Unity.VisualScripting.YamlDotNet.dll
Symbol file LoadedFromMemory doesn't match image D:\Coding\TakeBackTheSummer\Library\PackageCache\com.unity.visualscripting@1.7.8\Editor\VisualScripting.Core\Dependencies\DotNetZip\Unity.VisualScripting.IonicZip.dll
Native extension for UWP target not found
Native extension for LinuxStandalone target not found
Native extension for WindowsStandalone target not found
Native extension for AppleTV target not found
Native extension for iOS target not found
Native extension for Android target not found
Native extension for OSXStandalone target not found
Native extension for WebGL target not found
Refreshing native plugins compatible for Editor in 101.93 ms, found 4 plugins.
Preloading 0 native plugins for Editor in 0.00 ms.
Mono: successfully reloaded assembly
- Completed reload, in  1.375 seconds
Domain Reload Profiling:
	ReloadAssembly (1377ms)
		BeginReloadAssembly (244ms)
			ExecutionOrderSort (0ms)
			DisableScriptedObjects (9ms)
			BackupInstance (0ms)
			ReleaseScriptingObjects (0ms)
			CreateAndSetChildDomain (133ms)
		EndReloadAssembly (1004ms)
			LoadAssemblies (99ms)
			RebuildTransferFunctionScriptingTraits (0ms)
			SetupTypeCache (255ms)
			ReleaseScriptCaches (1ms)
			RebuildScriptCaches (62ms)
			SetupLoadedEditorAssemblies (546ms)
				LogAssemblyErrors (0ms)
				InitializePlatformSupportModulesInManaged (38ms)
				SetLoadedEditorAssemblies (0ms)
				RefreshPlugins (102ms)
				BeforeProcessingInitializeOnLoad (104ms)
				ProcessInitializeOnLoadAttributes (248ms)
				ProcessInitializeOnLoadMethodAttributes (43ms)
				AfterProcessingInitializeOnLoad (10ms)
				EditorAssembliesLoaded (0ms)
			ExecutionOrderSort2 (0ms)
			AwakeInstancesAfterBackupRestoration (7ms)
Platform modules already initialized, skipping
========================================================================
Worker process is ready to serve import requests
Launched and connected shader compiler UnityShaderCompiler.exe after 0.05 seconds
Refreshing native plugins compatible for Editor in 1.02 ms, found 4 plugins.
Preloading 0 native plugins for Editor in 0.00 ms.
Unloading 4056 Unused Serialized files (Serialized files now loaded: 0)
Unloading 44 unused Assets / (222.5 KB). Loaded Objects now: 4507.
Memory consumption went from 150.9 MB to 150.7 MB.
Total: 3.760200 ms (FindLiveObjects: 0.485200 ms CreateObjectMapping: 0.406000 ms MarkObjects: 2.727500 ms  DeleteObjects: 0.140300 ms)

AssetImportParameters requested are different than current active one (requested -> active):
  custom:video-decoder-ogg-theora: a1e56fd34408186e4bbccfd4996cb3dc -> 
  custom:container-muxer-webm: aa71ff27fc2769a1b78a27578f13a17b -> 
  custom:container-demuxer-webm: 4f35f7cbe854078d1ac9338744f61a02 -> 
  custom:video-encoder-webm-vp8: eb34c28f22e8b96e1ab97ce403110664 -> 
  custom:audio-encoder-webm-vorbis: bf7c407c2cedff20999df2af8eb42d56 -> 
  custom:framework-win-MediaFoundation: 216162199b28c13a410421893ffa2e32 -> 
  custom:container-demuxer-ogg: 62fdf1f143b41e24485cea50d1cbac27 -> 
  custom:video-decoder-webm-vp8: 9c59270c3fd7afecdb556c50c9e8de78 -> 
  custom:audio-decoder-ogg-vorbis: bf7c407c2cedff20999df2af8eb42d56 -> 
========================================================================
Received Import Request.
  Time since last request: 334555.392444 seconds.
  path: Assets/Scenes/SampleScene.unity
  artifactKey: Guid(2cda990e2423bbf4892e6590ba056729) Importer(815301076,1909f56bfc062723c751e8b465ee728b)
Start importing Assets/Scenes/SampleScene.unity using Guid(2cda990e2423bbf4892e6590ba056729) Importer(815301076,1909f56bfc062723c751e8b465ee728b)  -> (artifact id: 'e24c38ded777c6eac716cf6ee885caa1') in 0.006663 seconds 
========================================================================
Received Prepare
Registering precompiled user dll's ...
Registered in 0.006701 seconds.
Begin MonoManager ReloadAssembly
Symbol file LoadedFromMemory doesn't match image D:\Coding\TakeBackTheSummer\Library\PackageCache\com.unity.visualscripting@1.7.8\Editor\VisualScripting.Core\Dependencies\YamlDotNet\Unity.VisualScripting.YamlDotNet.dll
Symbol file LoadedFromMemory doesn't match image D:\Coding\TakeBackTheSummer\Library\PackageCache\com.unity.visualscripting@1.7.8\Editor\VisualScripting.Core\Dependencies\DotNetZip\Unity.VisualScripting.IonicZip.dll
Native extension for UWP target not found
Native extension for LinuxStandalone target not found
Native extension for WindowsStandalone target not found
Native extension for AppleTV target not found
Native extension for iOS target not found
Native extension for Android target not found
Native extension for OSXStandalone target not found
Native extension for WebGL target not found
Refreshing native plugins compatible for Editor in 0.64 ms, found 4 plugins.
Preloading 0 native plugins for Editor in 0.00 ms.
Mono: successfully reloaded assembly
- Completed reload, in  0.954 seconds
Domain Reload Profiling:
	ReloadAssembly (954ms)
		BeginReloadAssembly (134ms)
			ExecutionOrderSort (0ms)
			DisableScriptedObjects (7ms)
			BackupInstance (0ms)
			ReleaseScriptingObjects (0ms)
			CreateAndSetChildDomain (39ms)
		EndReloadAssembly (735ms)
			LoadAssemblies (89ms)
			RebuildTransferFunctionScriptingTraits (0ms)
			SetupTypeCache (223ms)
			ReleaseScriptCaches (1ms)
			RebuildScriptCaches (43ms)
			SetupLoadedEditorAssemblies (345ms)
				LogAssemblyErrors (0ms)
				InitializePlatformSupportModulesInManaged (41ms)
				SetLoadedEditorAssemblies (0ms)
				RefreshPlugins (1ms)
				BeforeProcessingInitializeOnLoad (70ms)
				ProcessInitializeOnLoadAttributes (187ms)
				ProcessInitializeOnLoadMethodAttributes (35ms)
				AfterProcessingInitializeOnLoad (12ms)
				EditorAssembliesLoaded (0ms)
			ExecutionOrderSort2 (0ms)
			AwakeInstancesAfterBackupRestoration (8ms)
Platform modules already initialized, skipping
Refreshing native plugins compatible for Editor in 1.91 ms, found 4 plugins.
Preloading 0 native plugins for Editor in 0.00 ms.
Unloading 4051 Unused Serialized files (Serialized files now loaded: 0)
Unloading 31 unused Assets / (189.5 KB). Loaded Objects now: 4510.
Memory consumption went from 150.9 MB to 150.7 MB.
Total: 3.337300 ms (FindLiveObjects: 0.252300 ms CreateObjectMapping: 0.162900 ms MarkObjects: 2.793200 ms  DeleteObjects: 0.128200 ms)

AssetImportParameters requested are different than current active one (requested -> active):
  custom:video-decoder-ogg-theora: a1e56fd34408186e4bbccfd4996cb3dc -> 
  custom:container-muxer-webm: aa71ff27fc2769a1b78a27578f13a17b -> 
  custom:container-demuxer-webm: 4f35f7cbe854078d1ac9338744f61a02 -> 
  custom:video-encoder-webm-vp8: eb34c28f22e8b96e1ab97ce403110664 -> 
  custom:audio-encoder-webm-vorbis: bf7c407c2cedff20999df2af8eb42d56 -> 
  custom:framework-win-MediaFoundation: 216162199b28c13a410421893ffa2e32 -> 
  custom:container-demuxer-ogg: 62fdf1f143b41e24485cea50d1cbac27 -> 
  custom:video-decoder-webm-vp8: 9c59270c3fd7afecdb556c50c9e8de78 -> 
  custom:audio-decoder-ogg-vorbis: bf7c407c2cedff20999df2af8eb42d56 -> 
========================================================================
Received Import Request.
  Time since last request: 5402.909773 seconds.
  path: Assets/Pixel Adventure 1/Assets/Terrain/Terrain Sliced (16x16).png
  artifactKey: Guid(fc584d329b77b9545b9c9c8bb829e553) Importer(815301076,1909f56bfc062723c751e8b465ee728b)
Start importing Assets/Pixel Adventure 1/Assets/Terrain/Terrain Sliced (16x16).png using Guid(fc584d329b77b9545b9c9c8bb829e553) Importer(815301076,1909f56bfc062723c751e8b465ee728b)  -> (artifact id: '9ff1f6d5c708ed7649f6b6476dee7c4c') in 0.353740 seconds 
========================================================================
Received Import Request.
  Time since last request: 4863.032966 seconds.
  path: Assets/Terrain/Terrain (16x16)_1.asset
  artifactKey: Guid(bd23d3421d6b6084581397c028a08f8a) Importer(815301076,1909f56bfc062723c751e8b465ee728b)
Start importing Assets/Terrain/Terrain (16x16)_1.asset using Guid(bd23d3421d6b6084581397c028a08f8a) Importer(815301076,1909f56bfc062723c751e8b465ee728b)  -> (artifact id: '5a4da36ca8ef0c9887a46cfb33b9fefc') in 0.056863 seconds 
========================================================================
Received Import Request.
  Time since last request: 0.000018 seconds.
  path: Assets/Terrain/Terrain (16x16)_24.asset
  artifactKey: Guid(1cb56fadec4b3a54b8c8da4708f4159d) Importer(815301076,1909f56bfc062723c751e8b465ee728b)
Start importing Assets/Terrain/Terrain (16x16)_24.asset using Guid(1cb56fadec4b3a54b8c8da4708f4159d) Importer(815301076,1909f56bfc062723c751e8b465ee728b)  -> (artifact id: '51491f0c2a642a3b7d94cd092a93b569') in 0.016073 seconds 
========================================================================
Received Import Request.
  Time since last request: 0.000018 seconds.
  path: Assets/Terrain/Terrain (16x16)_38.asset
  artifactKey: Guid(c55862e76bc454041a495843c121734f) Importer(815301076,1909f56bfc062723c751e8b465ee728b)
Start importing Assets/Terrain/Terrain (16x16)_38.asset using Guid(c55862e76bc454041a495843c121734f) Importer(815301076,1909f56bfc062723c751e8b465ee728b)  -> (artifact id: '15a8d26fe1d6e644f58174a28250598a') in 0.008288 seconds 
========================================================================
Received Import Request.
  Time since last request: 0.000013 seconds.
  path: Assets/Terrain/Terrain (16x16)_15.asset
  artifactKey: Guid(cf874bc6fb0cf164fbb9cef70dc0f0f0) Importer(815301076,1909f56bfc062723c751e8b465ee728b)
Start importing Assets/Terrain/Terrain (16x16)_15.asset using Guid(cf874bc6fb0cf164fbb9cef70dc0f0f0) Importer(815301076,1909f56bfc062723c751e8b465ee728b)  -> (artifact id: '4bca380e01e64bc67e1bb941d281b250') in 0.008040 seconds 
========================================================================
Received Import Request.
  Time since last request: 0.000018 seconds.
  path: Assets/Terrain/Terrain (16x16)_39.asset
  artifactKey: Guid(1b16997b15a8b4248aefc6ea0a2a24ee) Importer(815301076,1909f56bfc062723c751e8b465ee728b)
Start importing Assets/Terrain/Terrain (16x16)_39.asset using Guid(1b16997b15a8b4248aefc6ea0a2a24ee) Importer(815301076,1909f56bfc062723c751e8b465ee728b)  -> (artifact id: 'f35f31f4d5c716969b66222f90c12f7a') in 0.009822 seconds 
========================================================================
Received Import Request.
  Time since last request: 0.000020 seconds.
  path: Assets/Terrain/Terrain (16x16)_28.asset
  artifactKey: Guid(5c6b6179add95514f8a049ff34513bab) Importer(815301076,1909f56bfc062723c751e8b465ee728b)
Start importing Assets/Terrain/Terrain (16x16)_28.asset using Guid(5c6b6179add95514f8a049ff34513bab) Importer(815301076,1909f56bfc062723c751e8b465ee728b)  -> (artifact id: 'ca5974fff8891778dd648705149c7b7c') in 0.010564 seconds 
========================================================================
Received Import Request.
  Time since last request: 0.000025 seconds.
  path: Assets/Terrain/Terrain (16x16)_8.asset
  artifactKey: Guid(5fc0365bf9631d6439990c96445a67c9) Importer(815301076,1909f56bfc062723c751e8b465ee728b)
Start importing Assets/Terrain/Terrain (16x16)_8.asset using Guid(5fc0365bf9631d6439990c96445a67c9) Importer(815301076,1909f56bfc062723c751e8b465ee728b)  -> (artifact id: 'c233a9b413f9bfd351904d4ccbf79558') in 0.011030 seconds 
========================================================================
Received Import Request.
  Time since last request: 0.000026 seconds.
  path: Assets/Terrain/Terrain (16x16)_21.asset
  artifactKey: Guid(5f256a96b3a2ab34eaec55884e1427e0) Importer(815301076,1909f56bfc062723c751e8b465ee728b)
Start importing Assets/Terrain/Terrain (16x16)_21.asset using Guid(5f256a96b3a2ab34eaec55884e1427e0) Importer(815301076,1909f56bfc062723c751e8b465ee728b)  -> (artifact id: 'c99b2b1efe883fb276dd1c69e8410347') in 0.009489 seconds 
========================================================================
Received Import Request.
  Time since last request: 0.000021 seconds.
  path: Assets/Terrain/Terrain (16x16)_27.asset
  artifactKey: Guid(5072b02f13096684d90176380eff6921) Importer(815301076,1909f56bfc062723c751e8b465ee728b)
Start importing Assets/Terrain/Terrain (16x16)_27.asset using Guid(5072b02f13096684d90176380eff6921) Importer(815301076,1909f56bfc062723c751e8b465ee728b)  -> (artifact id: '22adbcca2ac6dd745cb02b2efa35390d') in 0.010969 seconds 
========================================================================
Received Import Request.
  Time since last request: 0.000034 seconds.
  path: Assets/Terrain/Terrain (16x16)_9.asset
  artifactKey: Guid(94c0ff87bad385747b6d44730b5d008b) Importer(815301076,1909f56bfc062723c751e8b465ee728b)
Start importing Assets/Terrain/Terrain (16x16)_9.asset using Guid(94c0ff87bad385747b6d44730b5d008b) Importer(815301076,1909f56bfc062723c751e8b465ee728b)  -> (artifact id: '2ba52f1ef0b333b1016feb0073e2fbba') in 0.009249 seconds 
========================================================================
Received Import Request.
  Time since last request: 0.000037 seconds.
  path: Assets/Terrain/Terrain (16x16)_32.asset
  artifactKey: Guid(f7f1caee9030118468decb7b5ca9409b) Importer(815301076,1909f56bfc062723c751e8b465ee728b)
Start importing Assets/Terrain/Terrain (16x16)_32.asset using Guid(f7f1caee9030118468decb7b5ca9409b) Importer(815301076,1909f56bfc062723c751e8b465ee728b)  -> (artifact id: '3954e3d74a36f8299ebf17bb05f74f42') in 0.010047 seconds 
========================================================================
Received Import Request.
  Time since last request: 0.000015 seconds.
  path: Assets/Terrain/Terrain (16x16)_36.asset
  artifactKey: Guid(50ab7323be5aa2940946d34be44a9e88) Importer(815301076,1909f56bfc062723c751e8b465ee728b)
Start importing Assets/Terrain/Terrain (16x16)_36.asset using Guid(50ab7323be5aa2940946d34be44a9e88) Importer(815301076,1909f56bfc062723c751e8b465ee728b)  -> (artifact id: '654096c5476587a02f306ab85fd189fa') in 0.034069 seconds 
========================================================================
Received Import Request.
  Time since last request: 0.000019 seconds.
  path: Assets/Terrain/Terrain (16x16)_10.asset
  artifactKey: Guid(9ed524b630011fd45abfa55e4c9caa21) Importer(815301076,1909f56bfc062723c751e8b465ee728b)
Start importing Assets/Terrain/Terrain (16x16)_10.asset using Guid(9ed524b630011fd45abfa55e4c9caa21) Importer(815301076,1909f56bfc062723c751e8b465ee728b)  -> (artifact id: 'f903993ef7fe6b6291f9f3745a1e1e93') in 0.008528 seconds 
========================================================================
Received Import Request.
  Time since last request: 0.000022 seconds.
  path: Assets/Terrain/Terrain (16x16)_30.asset
  artifactKey: Guid(6d568ac720f49ef41b5de2a292519fb3) Importer(815301076,1909f56bfc062723c751e8b465ee728b)
Start importing Assets/Terrain/Terrain (16x16)_30.asset using Guid(6d568ac720f49ef41b5de2a292519fb3) Importer(815301076,1909f56bfc062723c751e8b465ee728b)  -> (artifact id: 'f17baca8d481b3c29f8053fdb4ab7518') in 0.008034 seconds 
========================================================================
Received Import Request.
  Time since last request: 0.000017 seconds.
  path: Assets/Terrain/Terrain (16x16)_34.asset
  artifactKey: Guid(0f312690b0e4978408fac1109e09b2ee) Importer(815301076,1909f56bfc062723c751e8b465ee728b)
Start importing Assets/Terrain/Terrain (16x16)_34.asset using Guid(0f312690b0e4978408fac1109e09b2ee) Importer(815301076,1909f56bfc062723c751e8b465ee728b)  -> (artifact id: '6a7b0c46deaa2991024930c0dc740da5') in 0.012302 seconds 
========================================================================
Received Import Request.
  Time since last request: 0.000015 seconds.
  path: Assets/Terrain/Terrain (16x16)_22.asset
  artifactKey: Guid(574c80f0efbca4743bac79c27f7a755c) Importer(815301076,1909f56bfc062723c751e8b465ee728b)
Start importing Assets/Terrain/Terrain (16x16)_22.asset using Guid(574c80f0efbca4743bac79c27f7a755c) Importer(815301076,1909f56bfc062723c751e8b465ee728b)  -> (artifact id: 'de00e019e1b1f1d4e0167973a5a24098') in 0.007007 seconds 
========================================================================
Received Import Request.
  Time since last request: 0.000021 seconds.
  path: Assets/Terrain/Terrain (16x16)_6.asset
  artifactKey: Guid(9301b2d17853b8347935178cae1019d9) Importer(815301076,1909f56bfc062723c751e8b465ee728b)
Start importing Assets/Terrain/Terrain (16x16)_6.asset using Guid(9301b2d17853b8347935178cae1019d9) Importer(815301076,1909f56bfc062723c751e8b465ee728b)  -> (artifact id: '668a514ebe78b70be387ec0f95b9bbb3') in 0.010966 seconds 
========================================================================
Received Import Request.
  Time since last request: 0.000022 seconds.
  path: Assets/Terrain/Terrain (16x16)_11.asset
  artifactKey: Guid(f4815b5fd6cdbe0469f559d679012ed3) Importer(815301076,1909f56bfc062723c751e8b465ee728b)
Start importing Assets/Terrain/Terrain (16x16)_11.asset using Guid(f4815b5fd6cdbe0469f559d679012ed3) Importer(815301076,1909f56bfc062723c751e8b465ee728b)  -> (artifact id: 'bc9dc1f3c46c30b7ac9c2cdd602372b3') in 0.008566 seconds 
========================================================================
Received Import Request.
  Time since last request: 0.000027 seconds.
  path: Assets/Terrain/Terrain (16x16)_23.asset
  artifactKey: Guid(f328b88575209604dbea3856412d72ed) Importer(815301076,1909f56bfc062723c751e8b465ee728b)
Start importing Assets/Terrain/Terrain (16x16)_23.asset using Guid(f328b88575209604dbea3856412d72ed) Importer(815301076,1909f56bfc062723c751e8b465ee728b)  -> (artifact id: 'b208f71cc2dddcf50d182ea6313e721d') in 0.006052 seconds 
========================================================================
Received Import Request.
  Time since last request: 1.034480 seconds.
  path: Assets/Terrain/Terrain (16x16)_42.asset
  artifactKey: Guid(26756a2532a1f4e4882490946702c771) Importer(815301076,1909f56bfc062723c751e8b465ee728b)
Start importing Assets/Terrain/Terrain (16x16)_42.asset using Guid(26756a2532a1f4e4882490946702c771) Importer(815301076,1909f56bfc062723c751e8b465ee728b)  -> (artifact id: 'a42ec79aae84e3f0ca7f30220602b8a9') in 0.006398 seconds 
========================================================================
Received Import Request.
  Time since last request: 0.000032 seconds.
  path: Assets/Terrain/Terrain (16x16)_45.asset
  artifactKey: Guid(c52b1b7916e616847a22bd9997bbde4d) Importer(815301076,1909f56bfc062723c751e8b465ee728b)
Start importing Assets/Terrain/Terrain (16x16)_45.asset using Guid(c52b1b7916e616847a22bd9997bbde4d) Importer(815301076,1909f56bfc062723c751e8b465ee728b)  -> (artifact id: '8249995a2930df9f3dc95abafa6beb40') in 0.005716 seconds 
========================================================================
Received Import Request.
  Time since last request: 0.000025 seconds.
  path: Assets/Terrain/Terrain (16x16)_44.asset
  artifactKey: Guid(751256a7e26dc374d9371b67207cf230) Importer(815301076,1909f56bfc062723c751e8b465ee728b)
Start importing Assets/Terrain/Terrain (16x16)_44.asset using Guid(751256a7e26dc374d9371b67207cf230) Importer(815301076,1909f56bfc062723c751e8b465ee728b)  -> (artifact id: '88a8a68668e0e3a12ec3f23050907cab') in 0.007810 seconds 
========================================================================
Received Import Request.
  Time since last request: 0.000019 seconds.
  path: Assets/Terrain/Terrain (16x16)_46.asset
  artifactKey: Guid(32bafb0b5d7c38d4ab3b56c97f3cab0d) Importer(815301076,1909f56bfc062723c751e8b465ee728b)
Start importing Assets/Terrain/Terrain (16x16)_46.asset using Guid(32bafb0b5d7c38d4ab3b56c97f3cab0d) Importer(815301076,1909f56bfc062723c751e8b465ee728b)  -> (artifact id: '5d100accdf3672ed41382efc09159694') in 0.008699 seconds 
========================================================================
Received Import Request.
  Time since last request: 0.000035 seconds.
  path: Assets/Terrain/Terrain (16x16)_47.asset
  artifactKey: Guid(e165f50cb994d7b49a334452fbbde620) Importer(815301076,1909f56bfc062723c751e8b465ee728b)
Start importing Assets/Terrain/Terrain (16x16)_47.asset using Guid(e165f50cb994d7b49a334452fbbde620) Importer(815301076,1909f56bfc062723c751e8b465ee728b)  -> (artifact id: '565b7fc90f4de3ce0a9917689c346d58') in 0.007391 seconds 
========================================================================
Received Import Request.
  Time since last request: 0.000016 seconds.
  path: Assets/Terrain/Terrain (16x16)_53.asset
  artifactKey: Guid(9810c3434bc9c53449a0571fd8370365) Importer(815301076,1909f56bfc062723c751e8b465ee728b)
Start importing Assets/Terrain/Terrain (16x16)_53.asset using Guid(9810c3434bc9c53449a0571fd8370365) Importer(815301076,1909f56bfc062723c751e8b465ee728b)  -> (artifact id: 'db637b94c98422579cc6ee4fab8763af') in 0.006247 seconds 
========================================================================
Received Import Request.
  Time since last request: 0.000024 seconds.
  path: Assets/Terrain/Terrain (16x16)_58.asset
  artifactKey: Guid(ca0ae2064ae33c94fbde3afb390abaad) Importer(815301076,1909f56bfc062723c751e8b465ee728b)
Start importing Assets/Terrain/Terrain (16x16)_58.asset using Guid(ca0ae2064ae33c94fbde3afb390abaad) Importer(815301076,1909f56bfc062723c751e8b465ee728b)  -> (artifact id: '8f7dcd1fe0b8df013e54b447eb3d61a8') in 0.005947 seconds 
========================================================================
Received Import Request.
  Time since last request: 0.000017 seconds.
  path: Assets/Terrain/Terrain (16x16)_60.asset
  artifactKey: Guid(ab53be733c2e70e4ea82f0a731b9aa21) Importer(815301076,1909f56bfc062723c751e8b465ee728b)
Start importing Assets/Terrain/Terrain (16x16)_60.asset using Guid(ab53be733c2e70e4ea82f0a731b9aa21) Importer(815301076,1909f56bfc062723c751e8b465ee728b)  -> (artifact id: '79ce15922855358237a5b05a489ca607') in 0.006975 seconds 
========================================================================
Received Import Request.
  Time since last request: 0.000042 seconds.
  path: Assets/Terrain/Terrain (16x16)_54.asset
  artifactKey: Guid(3be4637f04c7e3e4ba219cef84f406c9) Importer(815301076,1909f56bfc062723c751e8b465ee728b)
Start importing Assets/Terrain/Terrain (16x16)_54.asset using Guid(3be4637f04c7e3e4ba219cef84f406c9) Importer(815301076,1909f56bfc062723c751e8b465ee728b)  -> (artifact id: '0ff6d3195ee42af7e79309a496cda113') in 0.005953 seconds 
========================================================================
Received Import Request.
  Time since last request: 0.000020 seconds.
  path: Assets/Terrain/Terrain (16x16)_51.asset
  artifactKey: Guid(ec19619ccd47aaf4dba982d71d105a91) Importer(815301076,1909f56bfc062723c751e8b465ee728b)
Start importing Assets/Terrain/Terrain (16x16)_51.asset using Guid(ec19619ccd47aaf4dba982d71d105a91) Importer(815301076,1909f56bfc062723c751e8b465ee728b)  -> (artifact id: 'e45100391ae066586ecdf531f9fdbb4f') in 0.006359 seconds 
========================================================================
Received Import Request.
  Time since last request: 0.452132 seconds.
  path: Assets/Terrain/Terrain (16x16)_62.asset
  artifactKey: Guid(313a601c3f3f757439e98156c085dffc) Importer(815301076,1909f56bfc062723c751e8b465ee728b)
Start importing Assets/Terrain/Terrain (16x16)_62.asset using Guid(313a601c3f3f757439e98156c085dffc) Importer(815301076,1909f56bfc062723c751e8b465ee728b)  -> (artifact id: '5f2f08c84828e9d03bb2a334d66fa29a') in 0.007180 seconds 
========================================================================
Received Import Request.
  Time since last request: 0.000020 seconds.
  path: Assets/Terrain/Terrain (16x16)_70.asset
  artifactKey: Guid(fa24e44e44aedf94296e758856e62869) Importer(815301076,1909f56bfc062723c751e8b465ee728b)
Start importing Assets/Terrain/Terrain (16x16)_70.asset using Guid(fa24e44e44aedf94296e758856e62869) Importer(815301076,1909f56bfc062723c751e8b465ee728b)  -> (artifact id: 'a1b4c4c27007f9abb303a3f15cb7c860') in 0.006211 seconds 
========================================================================
Received Import Request.
  Time since last request: 0.000060 seconds.
  path: Assets/Terrain/Terrain (16x16)_65.asset
  artifactKey: Guid(4c333f0125e0b9946ae0ea243e59eb66) Importer(815301076,1909f56bfc062723c751e8b465ee728b)
Start importing Assets/Terrain/Terrain (16x16)_65.asset using Guid(4c333f0125e0b9946ae0ea243e59eb66) Importer(815301076,1909f56bfc062723c751e8b465ee728b)  -> (artifact id: '619060d361d5754e935814f32ed8e8f3') in 0.007985 seconds 
========================================================================
Received Import Request.
  Time since last request: 0.000023 seconds.
  path: Assets/Terrain/Terrain (16x16)_64.asset
  artifactKey: Guid(5369286d82bd079488e6a3f9c8ccfe7c) Importer(815301076,1909f56bfc062723c751e8b465ee728b)
Start importing Assets/Terrain/Terrain (16x16)_64.asset using Guid(5369286d82bd079488e6a3f9c8ccfe7c) Importer(815301076,1909f56bfc062723c751e8b465ee728b)  -> (artifact id: 'afab70ce3f3c2fa491d506831b806e30') in 0.008386 seconds 
========================================================================
Received Import Request.
  Time since last request: 0.000017 seconds.
  path: Assets/Terrain/Terrain (16x16)_75.asset
  artifactKey: Guid(44863f5cc9131d44f91abc9b2ea75b2e) Importer(815301076,1909f56bfc062723c751e8b465ee728b)
Start importing Assets/Terrain/Terrain (16x16)_75.asset using Guid(44863f5cc9131d44f91abc9b2ea75b2e) Importer(815301076,1909f56bfc062723c751e8b465ee728b)  -> (artifact id: '2daa8d092703263d6b02456b73f4d970') in 0.006872 seconds 
========================================================================
Received Import Request.
  Time since last request: 0.000016 seconds.
  path: Assets/Terrain/Terrain (16x16)_76.asset
  artifactKey: Guid(6a0c0b298d535934c99eb74f2724e2f2) Importer(815301076,1909f56bfc062723c751e8b465ee728b)
Start importing Assets/Terrain/Terrain (16x16)_76.asset using Guid(6a0c0b298d535934c99eb74f2724e2f2) Importer(815301076,1909f56bfc062723c751e8b465ee728b)  -> (artifact id: '5aa187dff780c1e808f92056d92763ca') in 0.007176 seconds 
========================================================================
Received Import Request.
  Time since last request: 0.000019 seconds.
  path: Assets/Terrain/Terrain (16x16)_78.asset
  artifactKey: Guid(6e157de514d1ca543952cb700f640495) Importer(815301076,1909f56bfc062723c751e8b465ee728b)
Start importing Assets/Terrain/Terrain (16x16)_78.asset using Guid(6e157de514d1ca543952cb700f640495) Importer(815301076,1909f56bfc062723c751e8b465ee728b)  -> (artifact id: 'fafb1c3c8e198fcf88ceb32a17249287') in 0.006072 seconds 
========================================================================
Received Import Request.
  Time since last request: 0.000016 seconds.
  path: Assets/Terrain/Terrain (16x16)_73.asset
  artifactKey: Guid(04359004312ac3a4c94df80e0df45ee1) Importer(815301076,1909f56bfc062723c751e8b465ee728b)
Start importing Assets/Terrain/Terrain (16x16)_73.asset using Guid(04359004312ac3a4c94df80e0df45ee1) Importer(815301076,1909f56bfc062723c751e8b465ee728b)  -> (artifact id: 'ffdf7fd25155a2e0886e269afe95a706') in 0.005539 seconds 
========================================================================
Received Import Request.
  Time since last request: 0.000016 seconds.
  path: Assets/Terrain/Terrain (16x16)_100.asset
  artifactKey: Guid(7d7768733f984f34fab7fb0cc548f6e3) Importer(815301076,1909f56bfc062723c751e8b465ee728b)
Start importing Assets/Terrain/Terrain (16x16)_100.asset using Guid(7d7768733f984f34fab7fb0cc548f6e3) Importer(815301076,1909f56bfc062723c751e8b465ee728b)  -> (artifact id: '4278f443e162f64eccbc98e4a24efc67') in 0.005590 seconds 
========================================================================
Received Import Request.
  Time since last request: 0.000016 seconds.
  path: Assets/Terrain/Terrain (16x16)_98.asset
  artifactKey: Guid(a39c2002843f0e04d9548f9b319b134d) Importer(815301076,1909f56bfc062723c751e8b465ee728b)
Start importing Assets/Terrain/Terrain (16x16)_98.asset using Guid(a39c2002843f0e04d9548f9b319b134d) Importer(815301076,1909f56bfc062723c751e8b465ee728b)  -> (artifact id: '09f13f02f745483f2522197db2c40e24') in 0.007171 seconds 
========================================================================
Received Import Request.
  Time since last request: 0.000017 seconds.
  path: Assets/Terrain/Terrain (16x16)_92.asset
  artifactKey: Guid(aefd0b3cd8c76d442b92238481aa78b0) Importer(815301076,1909f56bfc062723c751e8b465ee728b)
Start importing Assets/Terrain/Terrain (16x16)_92.asset using Guid(aefd0b3cd8c76d442b92238481aa78b0) Importer(815301076,1909f56bfc062723c751e8b465ee728b)  -> (artifact id: 'ea5fba01f12fd0a656e0dff60a891e0e') in 0.005548 seconds 
========================================================================
Received Import Request.
  Time since last request: 0.000015 seconds.
  path: Assets/Terrain/Terrain (16x16)_110.asset
  artifactKey: Guid(91b3c97f3294d494a83b4432284d39db) Importer(815301076,1909f56bfc062723c751e8b465ee728b)
Start importing Assets/Terrain/Terrain (16x16)_110.asset using Guid(91b3c97f3294d494a83b4432284d39db) Importer(815301076,1909f56bfc062723c751e8b465ee728b)  -> (artifact id: 'c484411ad573ad1914b7820470e52c42') in 0.005600 seconds 
========================================================================
Received Import Request.
  Time since last request: 0.000017 seconds.
  path: Assets/Terrain/Terrain (16x16)_105.asset
  artifactKey: Guid(b62da279014e4484c891c5452acb0341) Importer(815301076,1909f56bfc062723c751e8b465ee728b)
Start importing Assets/Terrain/Terrain (16x16)_105.asset using Guid(b62da279014e4484c891c5452acb0341) Importer(815301076,1909f56bfc062723c751e8b465ee728b)  -> (artifact id: 'd8c2f79734e5bb209b25dcddca1e56d2') in 0.005803 seconds 
========================================================================
Received Import Request.
  Time since last request: 0.000017 seconds.
  path: Assets/Terrain/Terrain (16x16)_91.asset
  artifactKey: Guid(c4bc0df11bdec4a4992e6454a9ab8eea) Importer(815301076,1909f56bfc062723c751e8b465ee728b)
Start importing Assets/Terrain/Terrain (16x16)_91.asset using Guid(c4bc0df11bdec4a4992e6454a9ab8eea) Importer(815301076,1909f56bfc062723c751e8b465ee728b)  -> (artifact id: 'f0a1a119703362c9f006901530ff4301') in 0.005882 seconds 
========================================================================
Received Import Request.
  Time since last request: 0.000016 seconds.
  path: Assets/Terrain/Terrain (16x16)_107.asset
  artifactKey: Guid(743a0407082d33c41837bf7cea113be2) Importer(815301076,1909f56bfc062723c751e8b465ee728b)
Start importing Assets/Terrain/Terrain (16x16)_107.asset using Guid(743a0407082d33c41837bf7cea113be2) Importer(815301076,1909f56bfc062723c751e8b465ee728b)  -> (artifact id: '85f1cc61eb1d6c3d6301ceac760d70a6') in 0.005489 seconds 
========================================================================
Received Import Request.
  Time since last request: 0.000016 seconds.
  path: Assets/Terrain/Terrain (16x16)_108.asset
  artifactKey: Guid(35e05bbb4620c664ab0a9d450186e80a) Importer(815301076,1909f56bfc062723c751e8b465ee728b)
Start importing Assets/Terrain/Terrain (16x16)_108.asset using Guid(35e05bbb4620c664ab0a9d450186e80a) Importer(815301076,1909f56bfc062723c751e8b465ee728b)  -> (artifact id: '0cadd5a680700839a5e737ffd213288e') in 0.005646 seconds 
========================================================================
Received Import Request.
  Time since last request: 0.000017 seconds.
  path: Assets/Terrain/Terrain (16x16)_86.asset
  artifactKey: Guid(c7796206e0e725348a0d6f0e8bcab455) Importer(815301076,1909f56bfc062723c751e8b465ee728b)
Start importing Assets/Terrain/Terrain (16x16)_86.asset using Guid(c7796206e0e725348a0d6f0e8bcab455) Importer(815301076,1909f56bfc062723c751e8b465ee728b)  -> (artifact id: 'a7ee69600b908b7c35f717cafb7e3ce2') in 0.005567 seconds 
========================================================================
Received Import Request.
  Time since last request: 0.000018 seconds.
  path: Assets/Terrain/Terrain (16x16)_103.asset
  artifactKey: Guid(f2171fbe7ecabd3449937f9bbd9657ca) Importer(815301076,1909f56bfc062723c751e8b465ee728b)
Start importing Assets/Terrain/Terrain (16x16)_103.asset using Guid(f2171fbe7ecabd3449937f9bbd9657ca) Importer(815301076,1909f56bfc062723c751e8b465ee728b)  -> (artifact id: '7e2a76c6d46dcdc5f36092fcd0d45ed2') in 0.005276 seconds 
========================================================================
Received Import Request.
  Time since last request: 0.000040 seconds.
  path: Assets/Terrain/Terrain (16x16)_82.asset
  artifactKey: Guid(231b08b66038cf0478fbdcba869391cf) Importer(815301076,1909f56bfc062723c751e8b465ee728b)
Start importing Assets/Terrain/Terrain (16x16)_82.asset using Guid(231b08b66038cf0478fbdcba869391cf) Importer(815301076,1909f56bfc062723c751e8b465ee728b)  -> (artifact id: 'c23edf9c156060f443df105f6339bf10') in 0.006990 seconds 
========================================================================
Received Import Request.
  Time since last request: 0.000030 seconds.
  path: Assets/Terrain/Terrain (16x16)_63.asset
  artifactKey: Guid(9d3ce719576edb54fb73888287127c93) Importer(815301076,1909f56bfc062723c751e8b465ee728b)
Start importing Assets/Terrain/Terrain (16x16)_63.asset using Guid(9d3ce719576edb54fb73888287127c93) Importer(815301076,1909f56bfc062723c751e8b465ee728b)  -> (artifact id: '359b9a4a1917eef568fe27bc264f0e16') in 0.006751 seconds 
========================================================================
Received Import Request.
  Time since last request: 0.000029 seconds.
  path: Assets/Terrain/Terrain (16x16)_104.asset
  artifactKey: Guid(15bd6141354c829498d4c38da96f827b) Importer(815301076,1909f56bfc062723c751e8b465ee728b)
Start importing Assets/Terrain/Terrain (16x16)_104.asset using Guid(15bd6141354c829498d4c38da96f827b) Importer(815301076,1909f56bfc062723c751e8b465ee728b)  -> (artifact id: 'fc7c2cc7338d60b386c4ba4ec146e3be') in 0.006379 seconds 
========================================================================
Received Import Request.
  Time since last request: 0.000021 seconds.
  path: Assets/Terrain/Terrain (16x16)_90.asset
  artifactKey: Guid(d363f6e3fc7ef9940a913171a08d8036) Importer(815301076,1909f56bfc062723c751e8b465ee728b)
Start importing Assets/Terrain/Terrain (16x16)_90.asset using Guid(d363f6e3fc7ef9940a913171a08d8036) Importer(815301076,1909f56bfc062723c751e8b465ee728b)  -> (artifact id: '4cb41179920b9474ba8f1e32f8beea9a') in 0.005834 seconds 
========================================================================
Received Import Request.
  Time since last request: 0.000022 seconds.
  path: Assets/Terrain/Terrain (16x16)_88.asset
  artifactKey: Guid(66faafe4f57a32346a8e94ceee2027d3) Importer(815301076,1909f56bfc062723c751e8b465ee728b)
Start importing Assets/Terrain/Terrain (16x16)_88.asset using Guid(66faafe4f57a32346a8e94ceee2027d3) Importer(815301076,1909f56bfc062723c751e8b465ee728b)  -> (artifact id: 'ef9e59cbbe4397c8cee52e876246889d') in 0.006705 seconds 
========================================================================
Received Import Request.
  Time since last request: 0.000029 seconds.
  path: Assets/Terrain/Terrain (16x16)_84.asset
  artifactKey: Guid(811a0e64085980549a0f3b90cae6b5e0) Importer(815301076,1909f56bfc062723c751e8b465ee728b)
Start importing Assets/Terrain/Terrain (16x16)_84.asset using Guid(811a0e64085980549a0f3b90cae6b5e0) Importer(815301076,1909f56bfc062723c751e8b465ee728b)  -> (artifact id: '4f9d057fc860f2dcf68fff52876201fd') in 0.007039 seconds 
========================================================================
Received Import Request.
  Time since last request: 0.000022 seconds.
  path: Assets/Terrain/Terrain (16x16)_102.asset
  artifactKey: Guid(edfc61a8e59f74048b80703545bededc) Importer(815301076,1909f56bfc062723c751e8b465ee728b)
Start importing Assets/Terrain/Terrain (16x16)_102.asset using Guid(edfc61a8e59f74048b80703545bededc) Importer(815301076,1909f56bfc062723c751e8b465ee728b)  -> (artifact id: 'e20bb52e20de1085efc3c39ca984517a') in 0.007098 seconds 
========================================================================
Received Import Request.
  Time since last request: 0.268554 seconds.
  path: Assets/Terrain/Terrain (16x16)_112.asset
  artifactKey: Guid(5530fa35b19304b488e1aead8446a090) Importer(815301076,1909f56bfc062723c751e8b465ee728b)
Start importing Assets/Terrain/Terrain (16x16)_112.asset using Guid(5530fa35b19304b488e1aead8446a090) Importer(815301076,1909f56bfc062723c751e8b465ee728b)  -> (artifact id: '399033f4bbaab8a1aa87cc4211765dbf') in 0.006544 seconds 
========================================================================
Received Import Request.
  Time since last request: 0.000025 seconds.
  path: Assets/Terrain/Terrain (16x16)_120.asset
  artifactKey: Guid(02f287bd1c5a9334ca9361615323751a) Importer(815301076,1909f56bfc062723c751e8b465ee728b)
Start importing Assets/Terrain/Terrain (16x16)_120.asset using Guid(02f287bd1c5a9334ca9361615323751a) Importer(815301076,1909f56bfc062723c751e8b465ee728b)  -> (artifact id: 'c5e9ec75848035118f71b81306f249b0') in 0.007209 seconds 
========================================================================
Received Import Request.
  Time since last request: 0.000020 seconds.
  path: Assets/Terrain/Terrain (16x16)_123.asset
  artifactKey: Guid(3bbf83d250605c94695cc5bea45f7bd8) Importer(815301076,1909f56bfc062723c751e8b465ee728b)
Start importing Assets/Terrain/Terrain (16x16)_123.asset using Guid(3bbf83d250605c94695cc5bea45f7bd8) Importer(815301076,1909f56bfc062723c751e8b465ee728b)  -> (artifact id: 'b5f1d1956fe446bf2927932d637b94a6') in 0.006696 seconds 
========================================================================
Received Import Request.
  Time since last request: 0.000022 seconds.
  path: Assets/Terrain/Terrain (16x16)_122.asset
  artifactKey: Guid(1e803850fd0da6d4faf5bea67a0e1fac) Importer(815301076,1909f56bfc062723c751e8b465ee728b)
Start importing Assets/Terrain/Terrain (16x16)_122.asset using Guid(1e803850fd0da6d4faf5bea67a0e1fac) Importer(815301076,1909f56bfc062723c751e8b465ee728b)  -> (artifact id: '0257770e682e39394c25048763299b20') in 0.006041 seconds 
========================================================================
Received Import Request.
  Time since last request: 0.000015 seconds.
  path: Assets/Terrain/Terrain (16x16)_127.asset
  artifactKey: Guid(8c32ea2e265d7274ead218534a36d365) Importer(815301076,1909f56bfc062723c751e8b465ee728b)
Start importing Assets/Terrain/Terrain (16x16)_127.asset using Guid(8c32ea2e265d7274ead218534a36d365) Importer(815301076,1909f56bfc062723c751e8b465ee728b)  -> (artifact id: '102bca6aec265875536ccd06e374c1a9') in 0.004934 seconds 
========================================================================
Received Import Request.
  Time since last request: 0.000017 seconds.
  path: Assets/Terrain/Terrain (16x16)_114.asset
  artifactKey: Guid(ad366d70e8c73244db4f7dcb3056bedc) Importer(815301076,1909f56bfc062723c751e8b465ee728b)
Start importing Assets/Terrain/Terrain (16x16)_114.asset using Guid(ad366d70e8c73244db4f7dcb3056bedc) Importer(815301076,1909f56bfc062723c751e8b465ee728b)  -> (artifact id: '8dc75366f603888f19a3518155078dfe') in 0.005896 seconds 
========================================================================
Received Import Request.
  Time since last request: 0.000024 seconds.
  path: Assets/Terrain/Terrain (16x16)_125.asset
  artifactKey: Guid(ed1fa2292398e4f40af72c3167076720) Importer(815301076,1909f56bfc062723c751e8b465ee728b)
Start importing Assets/Terrain/Terrain (16x16)_125.asset using Guid(ed1fa2292398e4f40af72c3167076720) Importer(815301076,1909f56bfc062723c751e8b465ee728b)  -> (artifact id: 'd166a77f1a9046fc23e91ff74a283d6e') in 0.006061 seconds 
========================================================================
Received Import Request.
  Time since last request: 0.000025 seconds.
  path: Assets/Terrain/Terrain (16x16)_115.asset
  artifactKey: Guid(89bf071ab1275b6459ebda083f92bc38) Importer(815301076,1909f56bfc062723c751e8b465ee728b)
Start importing Assets/Terrain/Terrain (16x16)_115.asset using Guid(89bf071ab1275b6459ebda083f92bc38) Importer(815301076,1909f56bfc062723c751e8b465ee728b)  -> (artifact id: '59ce9f00d80b5ee351942fe7dfcd27ac') in 0.005219 seconds 
========================================================================
Received Import Request.
  Time since last request: 0.000017 seconds.
  path: Assets/Terrain/Terrain (16x16)_116.asset
  artifactKey: Guid(5367bff7ce11ea54b8c120dcbee3ff4a) Importer(815301076,1909f56bfc062723c751e8b465ee728b)
Start importing Assets/Terrain/Terrain (16x16)_116.asset using Guid(5367bff7ce11ea54b8c120dcbee3ff4a) Importer(815301076,1909f56bfc062723c751e8b465ee728b)  -> (artifact id: '340280f34af598702ce36af708d0da97') in 0.006588 seconds 
========================================================================
Received Import Request.
  Time since last request: 0.000016 seconds.
  path: Assets/Terrain/Terrain (16x16)_124.asset
  artifactKey: Guid(6ff416b214b93e1438e2e046a0286c2a) Importer(815301076,1909f56bfc062723c751e8b465ee728b)
Start importing Assets/Terrain/Terrain (16x16)_124.asset using Guid(6ff416b214b93e1438e2e046a0286c2a) Importer(815301076,1909f56bfc062723c751e8b465ee728b)  -> (artifact id: '67ac78452981e7cdec37133c59257b27') in 0.006500 seconds 
========================================================================
Received Import Request.
  Time since last request: 0.000184 seconds.
  path: Assets/Terrain/Terrain (16x16)_132.asset
  artifactKey: Guid(c2ea87286ea3930499c3ae032889c3ff) Importer(815301076,1909f56bfc062723c751e8b465ee728b)
Start importing Assets/Terrain/Terrain (16x16)_132.asset using Guid(c2ea87286ea3930499c3ae032889c3ff) Importer(815301076,1909f56bfc062723c751e8b465ee728b)  -> (artifact id: '0ba5d9660336e5a1b21ac185ade39b87') in 0.006102 seconds 
========================================================================
Received Import Request.
  Time since last request: 0.000016 seconds.
  path: Assets/Terrain/Terrain (16x16)_140.asset
  artifactKey: Guid(7db6ef7ba8b85b148a6197bebd961b4a) Importer(815301076,1909f56bfc062723c751e8b465ee728b)
Start importing Assets/Terrain/Terrain (16x16)_140.asset using Guid(7db6ef7ba8b85b148a6197bebd961b4a) Importer(815301076,1909f56bfc062723c751e8b465ee728b)  -> (artifact id: 'f548df4eae5f80abec7eee583ff10280') in 0.005982 seconds 
========================================================================
Received Import Request.
  Time since last request: 0.000020 seconds.
  path: Assets/Terrain/Terrain (16x16)_137.asset
  artifactKey: Guid(7b2ce5374c2f6574f9000353b0aa66ad) Importer(815301076,1909f56bfc062723c751e8b465ee728b)
Start importing Assets/Terrain/Terrain (16x16)_137.asset using Guid(7b2ce5374c2f6574f9000353b0aa66ad) Importer(815301076,1909f56bfc062723c751e8b465ee728b)  -> (artifact id: '2bca60edd34c2cb0b9731842a8e49bf0') in 0.006558 seconds 
========================================================================
Received Import Request.
  Time since last request: 0.000020 seconds.
  path: Assets/Terrain/Terrain (16x16)_139.asset
  artifactKey: Guid(11e408dec6e7aec4cb742cc0921c6e46) Importer(815301076,1909f56bfc062723c751e8b465ee728b)
Start importing Assets/Terrain/Terrain (16x16)_139.asset using Guid(11e408dec6e7aec4cb742cc0921c6e46) Importer(815301076,1909f56bfc062723c751e8b465ee728b)  -> (artifact id: 'e1e3fc93448b3fe5c36f31637f122a40') in 0.007839 seconds 
========================================================================
Received Import Request.
  Time since last request: 0.000026 seconds.
  path: Assets/Terrain/Terrain (16x16)_135.asset
  artifactKey: Guid(32e21876818aef046b192619bf186169) Importer(815301076,1909f56bfc062723c751e8b465ee728b)
Start importing Assets/Terrain/Terrain (16x16)_135.asset using Guid(32e21876818aef046b192619bf186169) Importer(815301076,1909f56bfc062723c751e8b465ee728b)  -> (artifact id: '913cf768d81ed259efac69d936cdcc94') in 0.006535 seconds 
========================================================================
Received Import Request.
  Time since last request: 45.059435 seconds.
  path: Assets/Pixel Adventure 1/Assets/Background/Gray.png
  artifactKey: Guid(ffc80c129c9aca14c9fb4dbeba0e10d2) Importer(815301076,1909f56bfc062723c751e8b465ee728b)
Start importing Assets/Pixel Adventure 1/Assets/Background/Gray.png using Guid(ffc80c129c9aca14c9fb4dbeba0e10d2) Importer(815301076,1909f56bfc062723c751e8b465ee728b)  -> (artifact id: '461289243dd8c3ac3ee6c14a95a55455') in 0.011937 seconds 
========================================================================
Received Import Request.
  Time since last request: 0.000018 seconds.
  path: Assets/Pixel Adventure 1/Assets/Background/Yellow.png
  artifactKey: Guid(4d8c75a4d7dd2a0489270e1058d82128) Importer(815301076,1909f56bfc062723c751e8b465ee728b)
Start importing Assets/Pixel Adventure 1/Assets/Background/Yellow.png using Guid(4d8c75a4d7dd2a0489270e1058d82128) Importer(815301076,1909f56bfc062723c751e8b465ee728b)  -> (artifact id: '79f7c802038b43faf6c0d6195a483e7e') in 0.013395 seconds 
========================================================================
Received Import Request.
  Time since last request: 0.000031 seconds.
  path: Assets/Pixel Adventure 1/Assets/Background/Pink.png
  artifactKey: Guid(348c3b734b11d3b4aa5c69e25b7113e6) Importer(815301076,1909f56bfc062723c751e8b465ee728b)
Start importing Assets/Pixel Adventure 1/Assets/Background/Pink.png using Guid(348c3b734b11d3b4aa5c69e25b7113e6) Importer(815301076,1909f56bfc062723c751e8b465ee728b)  -> (artifact id: 'fa92a23ade634c1b22aeb71bf1f20a19') in 0.017661 seconds 
Editor requested this worker to shutdown with reason: Scaling down because of idle timeout
AssetImportWorker is now disconnected from the server
Process exiting
Exiting without the bug reporter. Application will terminate with return code 0