Using pre-set license
Built from '2021.3/staging' branch; Version is '2021.3.4f1 (cb45f9cae8b7) revision 13321721'; Using compiler version '192829333'; Build Type 'Release'
OS: 'Windows 10  (10.0.19044) 64bit Professional' Language: 'en' Physical Memory: 32683 MB
BatchMode: 1, IsHumanControllingUs: 0, StartBugReporterOnCrash: 0, Is64bit: 1, IsPro: 1

COMMAND LINE ARGUMENTS:
C:\Program Files\Unity\2021.3.4f1\Editor\Unity.exe
-adb2
-batchMode
-noUpm
-name
AssetImportWorker0
-projectPath
D:/Coding/TakeBackSummer
-logFile
Logs/AssetImportWorker0.log
-srvPort
49309
Successfully changed project path to: D:/Coding/TakeBackSummer
D:/Coding/TakeBackSummer
[UnityMemory] Configuration Parameters - Can be set up in boot.config
    "memorysetup-bucket-allocator-granularity=16"
    "memorysetup-bucket-allocator-bucket-count=8"
    "memorysetup-bucket-allocator-block-size=33554432"
    "memorysetup-bucket-allocator-block-count=8"
    "memorysetup-main-allocator-block-size=16777216"
    "memorysetup-thread-allocator-block-size=16777216"
    "memorysetup-gfx-main-allocator-block-size=16777216"
    "memorysetup-gfx-thread-allocator-block-size=16777216"
    "memorysetup-cache-allocator-block-size=4194304"
    "memorysetup-typetree-allocator-block-size=2097152"
    "memorysetup-profiler-bucket-allocator-granularity=16"
    "memorysetup-profiler-bucket-allocator-bucket-count=8"
    "memorysetup-profiler-bucket-allocator-block-size=33554432"
    "memorysetup-profiler-bucket-allocator-block-count=8"
    "memorysetup-profiler-allocator-block-size=16777216"
    "memorysetup-profiler-editor-allocator-block-size=1048576"
    "memorysetup-temp-allocator-size-main=16777216"
    "memorysetup-job-temp-allocator-block-size=2097152"
    "memorysetup-job-temp-allocator-block-size-background=1048576"
    "memorysetup-job-temp-allocator-reduction-small-platforms=262144"
    "memorysetup-temp-allocator-size-background-worker=32768"
    "memorysetup-temp-allocator-size-job-worker=262144"
    "memorysetup-temp-allocator-size-preload-manager=33554432"
    "memorysetup-temp-allocator-size-nav-mesh-worker=65536"
    "memorysetup-temp-allocator-size-audio-worker=65536"
    "memorysetup-temp-allocator-size-cloud-worker=32768"
    "memorysetup-temp-allocator-size-gi-baking-worker=262144"
    "memorysetup-temp-allocator-size-gfx=262144"
Refreshing native plugins compatible for Editor in 124.75 ms, found 4 plugins.
Preloading 0 native plugins for Editor in 0.00 ms.
Initialize engine version: 2021.3.4f1 (cb45f9cae8b7)
[Subsystems] Discovering subsystems at path C:/Program Files/Unity/2021.3.4f1/Editor/Data/Resources/UnitySubsystems
[Subsystems] Discovering subsystems at path D:/Coding/TakeBackSummer/Assets
GfxDevice: creating device client; threaded=0; jobified=0
Direct3D:
    Version:  Direct3D 11.0 [level 11.1]
    Renderer: NVIDIA GeForce RTX 2080 SUPER (ID=0x1e81)
    Vendor:   NVIDIA
    VRAM:     8010 MB
    Driver:   30.0.15.1295
Initialize mono
Mono path[0] = 'C:/Program Files/Unity/2021.3.4f1/Editor/Data/Managed'
Mono path[1] = 'C:/Program Files/Unity/2021.3.4f1/Editor/Data/MonoBleedingEdge/lib/mono/unityjit-win32'
Mono config path = 'C:/Program Files/Unity/2021.3.4f1/Editor/Data/MonoBleedingEdge/etc'
Using monoOptions --debugger-agent=transport=dt_socket,embedding=1,server=y,suspend=n,address=127.0.0.1:56004
Begin MonoManager ReloadAssembly
Registering precompiled unity dll's ...
Register platform support module: C:/Program Files/Unity/2021.3.4f1/Editor/Data/PlaybackEngines/WebGLSupport/UnityEditor.WebGL.Extensions.dll
Register platform support module: C:/Program Files/Unity/2021.3.4f1/Editor/Data/PlaybackEngines/MacStandaloneSupport/UnityEditor.OSXStandalone.Extensions.dll
Register platform support module: C:/Program Files/Unity/2021.3.4f1/Editor/Data/PlaybackEngines/AndroidPlayer/UnityEditor.Android.Extensions.dll
Register platform support module: C:/Program Files/Unity/2021.3.4f1/Editor/Data/PlaybackEngines/iOSSupport/UnityEditor.iOS.Extensions.dll
Register platform support module: C:/Program Files/Unity/2021.3.4f1/Editor/Data/PlaybackEngines/AppleTVSupport/UnityEditor.AppleTV.Extensions.dll
Register platform support module: C:/Program Files/Unity/2021.3.4f1/Editor/Data/PlaybackEngines/WindowsStandaloneSupport/UnityEditor.WindowsStandalone.Extensions.dll
Register platform support module: C:/Program Files/Unity/2021.3.4f1/Editor/Data/PlaybackEngines/LinuxStandaloneSupport/UnityEditor.LinuxStandalone.Extensions.dll
Register platform support module: C:/Program Files/Unity/2021.3.4f1/Editor/Data/PlaybackEngines/MetroSupport/UnityEditor.UWP.Extensions.dll
Registered in 0.023289 seconds.
Native extension for UWP target not found
Native extension for LinuxStandalone target not found
Native extension for WindowsStandalone target not found
[usbmuxd] Start listen thread
[usbmuxd] Listen thread started
Native extension for AppleTV target not found
[usbmuxd] Start listen thread
[usbmuxd] Listen thread started
Native extension for iOS target not found
Native extension for Android target not found
Native extension for OSXStandalone target not found
Native extension for WebGL target not found
Refreshing native plugins compatible for Editor in 119.71 ms, found 4 plugins.
Preloading 0 native plugins for Editor in 0.00 ms.
Mono: successfully reloaded assembly
- Completed reload, in  0.827 seconds
Domain Reload Profiling:
	ReloadAssembly (827ms)
		BeginReloadAssembly (87ms)
			ExecutionOrderSort (0ms)
			DisableScriptedObjects (0ms)
			BackupInstance (0ms)
			ReleaseScriptingObjects (0ms)
			CreateAndSetChildDomain (1ms)
		EndReloadAssembly (587ms)
			LoadAssemblies (87ms)
			RebuildTransferFunctionScriptingTraits (0ms)
			SetupTypeCache (134ms)
			ReleaseScriptCaches (0ms)
			RebuildScriptCaches (40ms)
			SetupLoadedEditorAssemblies (350ms)
				LogAssemblyErrors (0ms)
				InitializePlatformSupportModulesInManaged (97ms)
				SetLoadedEditorAssemblies (0ms)
				RefreshPlugins (120ms)
				BeforeProcessingInitializeOnLoad (1ms)
				ProcessInitializeOnLoadAttributes (85ms)
				ProcessInitializeOnLoadMethodAttributes (47ms)
				AfterProcessingInitializeOnLoad (0ms)
				EditorAssembliesLoaded (0ms)
			ExecutionOrderSort2 (0ms)
			AwakeInstancesAfterBackupRestoration (0ms)
Platform modules already initialized, skipping
Registering precompiled user dll's ...
Registered in 0.008224 seconds.
Begin MonoManager ReloadAssembly
Symbol file LoadedFromMemory doesn't match image D:\Coding\TakeBackSummer\Library\PackageCache\com.unity.visualscripting@1.7.8\Editor\VisualScripting.Core\Dependencies\YamlDotNet\Unity.VisualScripting.YamlDotNet.dll
Symbol file LoadedFromMemory doesn't match image D:\Coding\TakeBackSummer\Library\PackageCache\com.unity.visualscripting@1.7.8\Editor\VisualScripting.Core\Dependencies\DotNetZip\Unity.VisualScripting.IonicZip.dll
Native extension for UWP target not found
Native extension for LinuxStandalone target not found
Native extension for WindowsStandalone target not found
Native extension for AppleTV target not found
Native extension for iOS target not found
Native extension for Android target not found
Native extension for OSXStandalone target not found
Native extension for WebGL target not found
Refreshing native plugins compatible for Editor in 134.47 ms, found 4 plugins.
Preloading 0 native plugins for Editor in 0.00 ms.
Mono: successfully reloaded assembly
- Completed reload, in  1.597 seconds
Domain Reload Profiling:
	ReloadAssembly (1598ms)
		BeginReloadAssembly (234ms)
			ExecutionOrderSort (0ms)
			DisableScriptedObjects (6ms)
			BackupInstance (0ms)
			ReleaseScriptingObjects (0ms)
			CreateAndSetChildDomain (125ms)
		EndReloadAssembly (1240ms)
			LoadAssemblies (115ms)
			RebuildTransferFunctionScriptingTraits (0ms)
			SetupTypeCache (287ms)
			ReleaseScriptCaches (1ms)
			RebuildScriptCaches (71ms)
			SetupLoadedEditorAssemblies (727ms)
				LogAssemblyErrors (0ms)
				InitializePlatformSupportModulesInManaged (38ms)
				SetLoadedEditorAssemblies (0ms)
				RefreshPlugins (135ms)
				BeforeProcessingInitializeOnLoad (125ms)
				ProcessInitializeOnLoadAttributes (368ms)
				ProcessInitializeOnLoadMethodAttributes (47ms)
				AfterProcessingInitializeOnLoad (14ms)
				EditorAssembliesLoaded (0ms)
			ExecutionOrderSort2 (0ms)
			AwakeInstancesAfterBackupRestoration (7ms)
Platform modules already initialized, skipping
========================================================================
Worker process is ready to serve import requests
Launched and connected shader compiler UnityShaderCompiler.exe after 0.04 seconds
Refreshing native plugins compatible for Editor in 1.12 ms, found 4 plugins.
Preloading 0 native plugins for Editor in 0.00 ms.
Unloading 4609 Unused Serialized files (Serialized files now loaded: 0)
Unloading 61 unused Assets / (293.4 KB). Loaded Objects now: 5060.
Memory consumption went from 173.4 MB to 173.2 MB.
Total: 3.209700 ms (FindLiveObjects: 0.373400 ms CreateObjectMapping: 0.342400 ms MarkObjects: 2.342500 ms  DeleteObjects: 0.150400 ms)

AssetImportParameters requested are different than current active one (requested -> active):
  custom:video-decoder-ogg-theora: a1e56fd34408186e4bbccfd4996cb3dc -> 
  custom:container-muxer-webm: aa71ff27fc2769a1b78a27578f13a17b -> 
  custom:container-demuxer-webm: 4f35f7cbe854078d1ac9338744f61a02 -> 
  custom:video-encoder-webm-vp8: eb34c28f22e8b96e1ab97ce403110664 -> 
  custom:audio-encoder-webm-vorbis: bf7c407c2cedff20999df2af8eb42d56 -> 
  custom:framework-win-MediaFoundation: 216162199b28c13a410421893ffa2e32 -> 
  custom:container-demuxer-ogg: 62fdf1f143b41e24485cea50d1cbac27 -> 
  custom:video-decoder-webm-vp8: 9c59270c3fd7afecdb556c50c9e8de78 -> 
  custom:audio-decoder-ogg-vorbis: bf7c407c2cedff20999df2af8eb42d56 -> 
========================================================================
Received Import Request.
  Time since last request: 1225533.703052 seconds.
  path: Assets/Prefabs/Player.prefab
  artifactKey: Guid(aa9357344eedd1f4c9d7063b142757b2) Importer(815301076,1909f56bfc062723c751e8b465ee728b)
Start importing Assets/Prefabs/Player.prefab using Guid(aa9357344eedd1f4c9d7063b142757b2) Importer(815301076,1909f56bfc062723c751e8b465ee728b)  -> (artifact id: '5659e92d0d59f495c87172297ea5bb28') in 0.150913 seconds 
========================================================================
Received Prepare
Registering precompiled user dll's ...
Registered in 0.007610 seconds.
Begin MonoManager ReloadAssembly
Symbol file LoadedFromMemory doesn't match image D:\Coding\TakeBackSummer\Library\PackageCache\com.unity.visualscripting@1.7.8\Editor\VisualScripting.Core\Dependencies\YamlDotNet\Unity.VisualScripting.YamlDotNet.dll
Symbol file LoadedFromMemory doesn't match image D:\Coding\TakeBackSummer\Library\PackageCache\com.unity.visualscripting@1.7.8\Editor\VisualScripting.Core\Dependencies\DotNetZip\Unity.VisualScripting.IonicZip.dll
Native extension for UWP target not found
Native extension for LinuxStandalone target not found
Native extension for WindowsStandalone target not found
Native extension for AppleTV target not found
Native extension for iOS target not found
Native extension for Android target not found
Native extension for OSXStandalone target not found
Native extension for WebGL target not found
Refreshing native plugins compatible for Editor in 0.93 ms, found 4 plugins.
Preloading 0 native plugins for Editor in 0.00 ms.
Mono: successfully reloaded assembly
- Completed reload, in  1.353 seconds
Domain Reload Profiling:
	ReloadAssembly (1354ms)
		BeginReloadAssembly (137ms)
			ExecutionOrderSort (0ms)
			DisableScriptedObjects (5ms)
			BackupInstance (0ms)
			ReleaseScriptingObjects (0ms)
			CreateAndSetChildDomain (36ms)
		EndReloadAssembly (1108ms)
			LoadAssemblies (112ms)
			RebuildTransferFunctionScriptingTraits (0ms)
			SetupTypeCache (293ms)
			ReleaseScriptCaches (1ms)
			RebuildScriptCaches (59ms)
			SetupLoadedEditorAssemblies (576ms)
				LogAssemblyErrors (0ms)
				InitializePlatformSupportModulesInManaged (58ms)
				SetLoadedEditorAssemblies (1ms)
				RefreshPlugins (1ms)
				BeforeProcessingInitializeOnLoad (100ms)
				ProcessInitializeOnLoadAttributes (357ms)
				ProcessInitializeOnLoadMethodAttributes (43ms)
				AfterProcessingInitializeOnLoad (16ms)
				EditorAssembliesLoaded (0ms)
			ExecutionOrderSort2 (0ms)
			AwakeInstancesAfterBackupRestoration (12ms)
Platform modules already initialized, skipping
Refreshing native plugins compatible for Editor in 2.58 ms, found 4 plugins.
Preloading 0 native plugins for Editor in 0.00 ms.
Unloading 4590 Unused Serialized files (Serialized files now loaded: 0)
Unloading 34 unused Assets / (260.8 KB). Loaded Objects now: 5081.
Memory consumption went from 176.3 MB to 176.1 MB.
Total: 3.562600 ms (FindLiveObjects: 0.432500 ms CreateObjectMapping: 0.351600 ms MarkObjects: 2.646000 ms  DeleteObjects: 0.131500 ms)

AssetImportParameters requested are different than current active one (requested -> active):
  custom:video-decoder-ogg-theora: a1e56fd34408186e4bbccfd4996cb3dc -> 
  custom:container-muxer-webm: aa71ff27fc2769a1b78a27578f13a17b -> 
  custom:container-demuxer-webm: 4f35f7cbe854078d1ac9338744f61a02 -> 
  custom:video-encoder-webm-vp8: eb34c28f22e8b96e1ab97ce403110664 -> 
  custom:audio-encoder-webm-vorbis: bf7c407c2cedff20999df2af8eb42d56 -> 
  custom:framework-win-MediaFoundation: 216162199b28c13a410421893ffa2e32 -> 
  custom:container-demuxer-ogg: 62fdf1f143b41e24485cea50d1cbac27 -> 
  custom:video-decoder-webm-vp8: 9c59270c3fd7afecdb556c50c9e8de78 -> 
  custom:audio-decoder-ogg-vorbis: bf7c407c2cedff20999df2af8eb42d56 -> 
========================================================================
Received Prepare
Registering precompiled user dll's ...
Registered in 0.007703 seconds.
Begin MonoManager ReloadAssembly
Symbol file LoadedFromMemory doesn't match image D:\Coding\TakeBackSummer\Library\PackageCache\com.unity.visualscripting@1.7.8\Editor\VisualScripting.Core\Dependencies\YamlDotNet\Unity.VisualScripting.YamlDotNet.dll
Symbol file LoadedFromMemory doesn't match image D:\Coding\TakeBackSummer\Library\PackageCache\com.unity.visualscripting@1.7.8\Editor\VisualScripting.Core\Dependencies\DotNetZip\Unity.VisualScripting.IonicZip.dll
Native extension for UWP target not found
Native extension for LinuxStandalone target not found
Native extension for WindowsStandalone target not found
Native extension for AppleTV target not found
Native extension for iOS target not found
Native extension for Android target not found
Native extension for OSXStandalone target not found
Native extension for WebGL target not found
Refreshing native plugins compatible for Editor in 1.21 ms, found 4 plugins.
Preloading 0 native plugins for Editor in 0.00 ms.
Mono: successfully reloaded assembly
- Completed reload, in  1.246 seconds
Domain Reload Profiling:
	ReloadAssembly (1246ms)
		BeginReloadAssembly (132ms)
			ExecutionOrderSort (0ms)
			DisableScriptedObjects (6ms)
			BackupInstance (0ms)
			ReleaseScriptingObjects (0ms)
			CreateAndSetChildDomain (37ms)
		EndReloadAssembly (1023ms)
			LoadAssemblies (99ms)
			RebuildTransferFunctionScriptingTraits (0ms)
			SetupTypeCache (284ms)
			ReleaseScriptCaches (2ms)
			RebuildScriptCaches (55ms)
			SetupLoadedEditorAssemblies (528ms)
				LogAssemblyErrors (0ms)
				InitializePlatformSupportModulesInManaged (57ms)
				SetLoadedEditorAssemblies (1ms)
				RefreshPlugins (1ms)
				BeforeProcessingInitializeOnLoad (88ms)
				ProcessInitializeOnLoadAttributes (319ms)
				ProcessInitializeOnLoadMethodAttributes (45ms)
				AfterProcessingInitializeOnLoad (16ms)
				EditorAssembliesLoaded (0ms)
			ExecutionOrderSort2 (0ms)
			AwakeInstancesAfterBackupRestoration (10ms)
Platform modules already initialized, skipping
Refreshing native plugins compatible for Editor in 2.75 ms, found 4 plugins.
Preloading 0 native plugins for Editor in 0.00 ms.
Unloading 4590 Unused Serialized files (Serialized files now loaded: 0)
Unloading 34 unused Assets / (261.1 KB). Loaded Objects now: 5096.
Memory consumption went from 176.4 MB to 176.1 MB.
Total: 3.218000 ms (FindLiveObjects: 0.433000 ms CreateObjectMapping: 0.317000 ms MarkObjects: 2.334800 ms  DeleteObjects: 0.132400 ms)

AssetImportParameters requested are different than current active one (requested -> active):
  custom:video-decoder-ogg-theora: a1e56fd34408186e4bbccfd4996cb3dc -> 
  custom:container-muxer-webm: aa71ff27fc2769a1b78a27578f13a17b -> 
  custom:container-demuxer-webm: 4f35f7cbe854078d1ac9338744f61a02 -> 
  custom:video-encoder-webm-vp8: eb34c28f22e8b96e1ab97ce403110664 -> 
  custom:audio-encoder-webm-vorbis: bf7c407c2cedff20999df2af8eb42d56 -> 
  custom:framework-win-MediaFoundation: 216162199b28c13a410421893ffa2e32 -> 
  custom:container-demuxer-ogg: 62fdf1f143b41e24485cea50d1cbac27 -> 
  custom:video-decoder-webm-vp8: 9c59270c3fd7afecdb556c50c9e8de78 -> 
  custom:audio-decoder-ogg-vorbis: bf7c407c2cedff20999df2af8eb42d56 -> 
========================================================================
Received Import Request.
  Time since last request: 397.941507 seconds.
  path: Assets/Scripts/PlayerMovement.cs
  artifactKey: Guid(7f4671542a8041a4c8b3cc6cbc241189) Importer(815301076,1909f56bfc062723c751e8b465ee728b)
Start importing Assets/Scripts/PlayerMovement.cs using Guid(7f4671542a8041a4c8b3cc6cbc241189) Importer(815301076,1909f56bfc062723c751e8b465ee728b)  -> (artifact id: '727ebb036fa52c86c5801cf5901d1f85') in 0.013590 seconds 
========================================================================
Received Prepare
Registering precompiled user dll's ...
Registered in 0.008159 seconds.
Begin MonoManager ReloadAssembly
Symbol file LoadedFromMemory doesn't match image D:\Coding\TakeBackSummer\Library\PackageCache\com.unity.visualscripting@1.7.8\Editor\VisualScripting.Core\Dependencies\YamlDotNet\Unity.VisualScripting.YamlDotNet.dll
Symbol file LoadedFromMemory doesn't match image D:\Coding\TakeBackSummer\Library\PackageCache\com.unity.visualscripting@1.7.8\Editor\VisualScripting.Core\Dependencies\DotNetZip\Unity.VisualScripting.IonicZip.dll
Native extension for UWP target not found
Native extension for LinuxStandalone target not found
Native extension for WindowsStandalone target not found
Native extension for AppleTV target not found
Native extension for iOS target not found
Native extension for Android target not found
Native extension for OSXStandalone target not found
Native extension for WebGL target not found
Refreshing native plugins compatible for Editor in 1.31 ms, found 4 plugins.
Preloading 0 native plugins for Editor in 0.00 ms.
Mono: successfully reloaded assembly
- Completed reload, in  1.236 seconds
Domain Reload Profiling:
	ReloadAssembly (1237ms)
		BeginReloadAssembly (149ms)
			ExecutionOrderSort (0ms)
			DisableScriptedObjects (7ms)
			BackupInstance (0ms)
			ReleaseScriptingObjects (0ms)
			CreateAndSetChildDomain (41ms)
		EndReloadAssembly (982ms)
			LoadAssemblies (109ms)
			RebuildTransferFunctionScriptingTraits (0ms)
			SetupTypeCache (258ms)
			ReleaseScriptCaches (2ms)
			RebuildScriptCaches (57ms)
			SetupLoadedEditorAssemblies (508ms)
				LogAssemblyErrors (0ms)
				InitializePlatformSupportModulesInManaged (54ms)
				SetLoadedEditorAssemblies (0ms)
				RefreshPlugins (1ms)
				BeforeProcessingInitializeOnLoad (88ms)
				ProcessInitializeOnLoadAttributes (312ms)
				ProcessInitializeOnLoadMethodAttributes (37ms)
				AfterProcessingInitializeOnLoad (14ms)
				EditorAssembliesLoaded (0ms)
			ExecutionOrderSort2 (0ms)
			AwakeInstancesAfterBackupRestoration (9ms)
Platform modules already initialized, skipping
Refreshing native plugins compatible for Editor in 3.06 ms, found 4 plugins.
Preloading 0 native plugins for Editor in 0.00 ms.
Unloading 4590 Unused Serialized files (Serialized files now loaded: 0)
Unloading 34 unused Assets / (261.0 KB). Loaded Objects now: 5111.
Memory consumption went from 176.4 MB to 176.1 MB.
Total: 3.528400 ms (FindLiveObjects: 0.301500 ms CreateObjectMapping: 0.231400 ms MarkObjects: 2.856900 ms  DeleteObjects: 0.137600 ms)

AssetImportParameters requested are different than current active one (requested -> active):
  custom:video-decoder-ogg-theora: a1e56fd34408186e4bbccfd4996cb3dc -> 
  custom:container-muxer-webm: aa71ff27fc2769a1b78a27578f13a17b -> 
  custom:container-demuxer-webm: 4f35f7cbe854078d1ac9338744f61a02 -> 
  custom:video-encoder-webm-vp8: eb34c28f22e8b96e1ab97ce403110664 -> 
  custom:audio-encoder-webm-vorbis: bf7c407c2cedff20999df2af8eb42d56 -> 
  custom:framework-win-MediaFoundation: 216162199b28c13a410421893ffa2e32 -> 
  custom:container-demuxer-ogg: 62fdf1f143b41e24485cea50d1cbac27 -> 
  custom:video-decoder-webm-vp8: 9c59270c3fd7afecdb556c50c9e8de78 -> 
  custom:audio-decoder-ogg-vorbis: bf7c407c2cedff20999df2af8eb42d56 -> 
========================================================================
Received Prepare
Registering precompiled user dll's ...
Registered in 0.009024 seconds.
Begin MonoManager ReloadAssembly
Symbol file LoadedFromMemory doesn't match image D:\Coding\TakeBackSummer\Library\PackageCache\com.unity.visualscripting@1.7.8\Editor\VisualScripting.Core\Dependencies\YamlDotNet\Unity.VisualScripting.YamlDotNet.dll
Symbol file LoadedFromMemory doesn't match image D:\Coding\TakeBackSummer\Library\PackageCache\com.unity.visualscripting@1.7.8\Editor\VisualScripting.Core\Dependencies\DotNetZip\Unity.VisualScripting.IonicZip.dll
Native extension for UWP target not found
Native extension for LinuxStandalone target not found
Native extension for WindowsStandalone target not found
Native extension for AppleTV target not found
Native extension for iOS target not found
Native extension for Android target not found
Native extension for OSXStandalone target not found
Native extension for WebGL target not found
Refreshing native plugins compatible for Editor in 0.97 ms, found 4 plugins.
Preloading 0 native plugins for Editor in 0.00 ms.
Mono: successfully reloaded assembly
- Completed reload, in  1.293 seconds
Domain Reload Profiling:
	ReloadAssembly (1294ms)
		BeginReloadAssembly (139ms)
			ExecutionOrderSort (0ms)
			DisableScriptedObjects (7ms)
			BackupInstance (0ms)
			ReleaseScriptingObjects (0ms)
			CreateAndSetChildDomain (38ms)
		EndReloadAssembly (1066ms)
			LoadAssemblies (101ms)
			RebuildTransferFunctionScriptingTraits (0ms)
			SetupTypeCache (297ms)
			ReleaseScriptCaches (1ms)
			RebuildScriptCaches (59ms)
			SetupLoadedEditorAssemblies (542ms)
				LogAssemblyErrors (0ms)
				InitializePlatformSupportModulesInManaged (56ms)
				SetLoadedEditorAssemblies (0ms)
				RefreshPlugins (1ms)
				BeforeProcessingInitializeOnLoad (97ms)
				ProcessInitializeOnLoadAttributes (332ms)
				ProcessInitializeOnLoadMethodAttributes (41ms)
				AfterProcessingInitializeOnLoad (14ms)
				EditorAssembliesLoaded (0ms)
			ExecutionOrderSort2 (0ms)
			AwakeInstancesAfterBackupRestoration (10ms)
Platform modules already initialized, skipping
Refreshing native plugins compatible for Editor in 2.83 ms, found 4 plugins.
Preloading 0 native plugins for Editor in 0.00 ms.
Unloading 4590 Unused Serialized files (Serialized files now loaded: 0)
Unloading 34 unused Assets / (261.3 KB). Loaded Objects now: 5126.
Memory consumption went from 176.4 MB to 176.1 MB.
Total: 3.137900 ms (FindLiveObjects: 0.285100 ms CreateObjectMapping: 0.200300 ms MarkObjects: 2.436600 ms  DeleteObjects: 0.214800 ms)

AssetImportParameters requested are different than current active one (requested -> active):
  custom:video-decoder-ogg-theora: a1e56fd34408186e4bbccfd4996cb3dc -> 
  custom:container-muxer-webm: aa71ff27fc2769a1b78a27578f13a17b -> 
  custom:container-demuxer-webm: 4f35f7cbe854078d1ac9338744f61a02 -> 
  custom:video-encoder-webm-vp8: eb34c28f22e8b96e1ab97ce403110664 -> 
  custom:audio-encoder-webm-vorbis: bf7c407c2cedff20999df2af8eb42d56 -> 
  custom:framework-win-MediaFoundation: 216162199b28c13a410421893ffa2e32 -> 
  custom:container-demuxer-ogg: 62fdf1f143b41e24485cea50d1cbac27 -> 
  custom:video-decoder-webm-vp8: 9c59270c3fd7afecdb556c50c9e8de78 -> 
  custom:audio-decoder-ogg-vorbis: bf7c407c2cedff20999df2af8eb42d56 -> 
========================================================================
Received Prepare
Registering precompiled user dll's ...
Registered in 0.007315 seconds.
Begin MonoManager ReloadAssembly
Symbol file LoadedFromMemory doesn't match image D:\Coding\TakeBackSummer\Library\PackageCache\com.unity.visualscripting@1.7.8\Editor\VisualScripting.Core\Dependencies\YamlDotNet\Unity.VisualScripting.YamlDotNet.dll
Symbol file LoadedFromMemory doesn't match image D:\Coding\TakeBackSummer\Library\PackageCache\com.unity.visualscripting@1.7.8\Editor\VisualScripting.Core\Dependencies\DotNetZip\Unity.VisualScripting.IonicZip.dll
Native extension for UWP target not found
Native extension for LinuxStandalone target not found
Native extension for WindowsStandalone target not found
Native extension for AppleTV target not found
Native extension for iOS target not found
Native extension for Android target not found
Native extension for OSXStandalone target not found
Native extension for WebGL target not found
Refreshing native plugins compatible for Editor in 1.24 ms, found 4 plugins.
Preloading 0 native plugins for Editor in 0.00 ms.
Mono: successfully reloaded assembly
- Completed reload, in  1.263 seconds
Domain Reload Profiling:
	ReloadAssembly (1264ms)
		BeginReloadAssembly (134ms)
			ExecutionOrderSort (0ms)
			DisableScriptedObjects (7ms)
			BackupInstance (0ms)
			ReleaseScriptingObjects (0ms)
			CreateAndSetChildDomain (33ms)
		EndReloadAssembly (1033ms)
			LoadAssemblies (98ms)
			RebuildTransferFunctionScriptingTraits (0ms)
			SetupTypeCache (278ms)
			ReleaseScriptCaches (1ms)
			RebuildScriptCaches (53ms)
			SetupLoadedEditorAssemblies (542ms)
				LogAssemblyErrors (0ms)
				InitializePlatformSupportModulesInManaged (53ms)
				SetLoadedEditorAssemblies (0ms)
				RefreshPlugins (1ms)
				BeforeProcessingInitializeOnLoad (96ms)
				ProcessInitializeOnLoadAttributes (340ms)
				ProcessInitializeOnLoadMethodAttributes (36ms)
				AfterProcessingInitializeOnLoad (15ms)
				EditorAssembliesLoaded (0ms)
			ExecutionOrderSort2 (0ms)
			AwakeInstancesAfterBackupRestoration (10ms)
Platform modules already initialized, skipping
Refreshing native plugins compatible for Editor in 3.42 ms, found 4 plugins.
Preloading 0 native plugins for Editor in 0.00 ms.
Unloading 4590 Unused Serialized files (Serialized files now loaded: 0)
Unloading 34 unused Assets / (262.0 KB). Loaded Objects now: 5141.
Memory consumption went from 176.4 MB to 176.2 MB.
Total: 3.249400 ms (FindLiveObjects: 0.326600 ms CreateObjectMapping: 0.241800 ms MarkObjects: 2.533700 ms  DeleteObjects: 0.146500 ms)

AssetImportParameters requested are different than current active one (requested -> active):
  custom:video-decoder-ogg-theora: a1e56fd34408186e4bbccfd4996cb3dc -> 
  custom:container-muxer-webm: aa71ff27fc2769a1b78a27578f13a17b -> 
  custom:container-demuxer-webm: 4f35f7cbe854078d1ac9338744f61a02 -> 
  custom:video-encoder-webm-vp8: eb34c28f22e8b96e1ab97ce403110664 -> 
  custom:audio-encoder-webm-vorbis: bf7c407c2cedff20999df2af8eb42d56 -> 
  custom:framework-win-MediaFoundation: 216162199b28c13a410421893ffa2e32 -> 
  custom:container-demuxer-ogg: 62fdf1f143b41e24485cea50d1cbac27 -> 
  custom:video-decoder-webm-vp8: 9c59270c3fd7afecdb556c50c9e8de78 -> 
  custom:audio-decoder-ogg-vorbis: bf7c407c2cedff20999df2af8eb42d56 -> 
========================================================================
Received Prepare
Registering precompiled user dll's ...
Registered in 0.007595 seconds.
Begin MonoManager ReloadAssembly
Symbol file LoadedFromMemory doesn't match image D:\Coding\TakeBackSummer\Library\PackageCache\com.unity.visualscripting@1.7.8\Editor\VisualScripting.Core\Dependencies\YamlDotNet\Unity.VisualScripting.YamlDotNet.dll
Symbol file LoadedFromMemory doesn't match image D:\Coding\TakeBackSummer\Library\PackageCache\com.unity.visualscripting@1.7.8\Editor\VisualScripting.Core\Dependencies\DotNetZip\Unity.VisualScripting.IonicZip.dll
Native extension for UWP target not found
Native extension for LinuxStandalone target not found
Native extension for WindowsStandalone target not found
Native extension for AppleTV target not found
Native extension for iOS target not found
Native extension for Android target not found
Native extension for OSXStandalone target not found
Native extension for WebGL target not found
Refreshing native plugins compatible for Editor in 1.23 ms, found 4 plugins.
Preloading 0 native plugins for Editor in 0.00 ms.
Mono: successfully reloaded assembly
- Completed reload, in  1.175 seconds
Domain Reload Profiling:
	ReloadAssembly (1175ms)
		BeginReloadAssembly (128ms)
			ExecutionOrderSort (0ms)
			DisableScriptedObjects (6ms)
			BackupInstance (0ms)
			ReleaseScriptingObjects (0ms)
			CreateAndSetChildDomain (35ms)
		EndReloadAssembly (928ms)
			LoadAssemblies (93ms)
			RebuildTransferFunctionScriptingTraits (0ms)
			SetupTypeCache (248ms)
			ReleaseScriptCaches (1ms)
			RebuildScriptCaches (57ms)
			SetupLoadedEditorAssemblies (479ms)
				LogAssemblyErrors (0ms)
				InitializePlatformSupportModulesInManaged (49ms)
				SetLoadedEditorAssemblies (0ms)
				RefreshPlugins (1ms)
				BeforeProcessingInitializeOnLoad (83ms)
				ProcessInitializeOnLoadAttributes (297ms)
				ProcessInitializeOnLoadMethodAttributes (38ms)
				AfterProcessingInitializeOnLoad (11ms)
				EditorAssembliesLoaded (0ms)
			ExecutionOrderSort2 (0ms)
			AwakeInstancesAfterBackupRestoration (8ms)
Platform modules already initialized, skipping
Refreshing native plugins compatible for Editor in 2.37 ms, found 4 plugins.
Preloading 0 native plugins for Editor in 0.00 ms.
Unloading 4590 Unused Serialized files (Serialized files now loaded: 0)
Unloading 34 unused Assets / (261.1 KB). Loaded Objects now: 5156.
Memory consumption went from 176.4 MB to 176.2 MB.
Total: 3.367400 ms (FindLiveObjects: 0.290100 ms CreateObjectMapping: 0.315000 ms MarkObjects: 2.615700 ms  DeleteObjects: 0.145900 ms)

AssetImportParameters requested are different than current active one (requested -> active):
  custom:video-decoder-ogg-theora: a1e56fd34408186e4bbccfd4996cb3dc -> 
  custom:container-muxer-webm: aa71ff27fc2769a1b78a27578f13a17b -> 
  custom:container-demuxer-webm: 4f35f7cbe854078d1ac9338744f61a02 -> 
  custom:video-encoder-webm-vp8: eb34c28f22e8b96e1ab97ce403110664 -> 
  custom:audio-encoder-webm-vorbis: bf7c407c2cedff20999df2af8eb42d56 -> 
  custom:framework-win-MediaFoundation: 216162199b28c13a410421893ffa2e32 -> 
  custom:container-demuxer-ogg: 62fdf1f143b41e24485cea50d1cbac27 -> 
  custom:video-decoder-webm-vp8: 9c59270c3fd7afecdb556c50c9e8de78 -> 
  custom:audio-decoder-ogg-vorbis: bf7c407c2cedff20999df2af8eb42d56 -> 
========================================================================
Received Prepare
Registering precompiled user dll's ...
Registered in 0.007428 seconds.
Begin MonoManager ReloadAssembly
Symbol file LoadedFromMemory doesn't match image D:\Coding\TakeBackSummer\Library\PackageCache\com.unity.visualscripting@1.7.8\Editor\VisualScripting.Core\Dependencies\YamlDotNet\Unity.VisualScripting.YamlDotNet.dll
Symbol file LoadedFromMemory doesn't match image D:\Coding\TakeBackSummer\Library\PackageCache\com.unity.visualscripting@1.7.8\Editor\VisualScripting.Core\Dependencies\DotNetZip\Unity.VisualScripting.IonicZip.dll
Native extension for UWP target not found
Native extension for LinuxStandalone target not found
Native extension for WindowsStandalone target not found
Native extension for AppleTV target not found
Native extension for iOS target not found
Native extension for Android target not found
Native extension for OSXStandalone target not found
Native extension for WebGL target not found
Refreshing native plugins compatible for Editor in 0.91 ms, found 4 plugins.
Preloading 0 native plugins for Editor in 0.00 ms.
Mono: successfully reloaded assembly
- Completed reload, in  1.257 seconds
Domain Reload Profiling:
	ReloadAssembly (1258ms)
		BeginReloadAssembly (132ms)
			ExecutionOrderSort (0ms)
			DisableScriptedObjects (6ms)
			BackupInstance (0ms)
			ReleaseScriptingObjects (0ms)
			CreateAndSetChildDomain (32ms)
		EndReloadAssembly (1031ms)
			LoadAssemblies (99ms)
			RebuildTransferFunctionScriptingTraits (0ms)
			SetupTypeCache (279ms)
			ReleaseScriptCaches (1ms)
			RebuildScriptCaches (52ms)
			SetupLoadedEditorAssemblies (546ms)
				LogAssemblyErrors (0ms)
				InitializePlatformSupportModulesInManaged (55ms)
				SetLoadedEditorAssemblies (0ms)
				RefreshPlugins (1ms)
				BeforeProcessingInitializeOnLoad (96ms)
				ProcessInitializeOnLoadAttributes (338ms)
				ProcessInitializeOnLoadMethodAttributes (42ms)
				AfterProcessingInitializeOnLoad (14ms)
				EditorAssembliesLoaded (0ms)
			ExecutionOrderSort2 (0ms)
			AwakeInstancesAfterBackupRestoration (10ms)
Platform modules already initialized, skipping
Refreshing native plugins compatible for Editor in 2.72 ms, found 4 plugins.
Preloading 0 native plugins for Editor in 0.00 ms.
Unloading 4590 Unused Serialized files (Serialized files now loaded: 0)
Unloading 34 unused Assets / (260.9 KB). Loaded Objects now: 5171.
Memory consumption went from 176.5 MB to 176.2 MB.
Total: 3.593900 ms (FindLiveObjects: 0.291700 ms CreateObjectMapping: 0.227300 ms MarkObjects: 2.921500 ms  DeleteObjects: 0.152300 ms)

AssetImportParameters requested are different than current active one (requested -> active):
  custom:video-decoder-ogg-theora: a1e56fd34408186e4bbccfd4996cb3dc -> 
  custom:container-muxer-webm: aa71ff27fc2769a1b78a27578f13a17b -> 
  custom:container-demuxer-webm: 4f35f7cbe854078d1ac9338744f61a02 -> 
  custom:video-encoder-webm-vp8: eb34c28f22e8b96e1ab97ce403110664 -> 
  custom:audio-encoder-webm-vorbis: bf7c407c2cedff20999df2af8eb42d56 -> 
  custom:framework-win-MediaFoundation: 216162199b28c13a410421893ffa2e32 -> 
  custom:container-demuxer-ogg: 62fdf1f143b41e24485cea50d1cbac27 -> 
  custom:video-decoder-webm-vp8: 9c59270c3fd7afecdb556c50c9e8de78 -> 
  custom:audio-decoder-ogg-vorbis: bf7c407c2cedff20999df2af8eb42d56 -> 
========================================================================
Received Prepare
Registering precompiled user dll's ...
Registered in 0.007377 seconds.
Begin MonoManager ReloadAssembly
Symbol file LoadedFromMemory doesn't match image D:\Coding\TakeBackSummer\Library\PackageCache\com.unity.visualscripting@1.7.8\Editor\VisualScripting.Core\Dependencies\YamlDotNet\Unity.VisualScripting.YamlDotNet.dll
Symbol file LoadedFromMemory doesn't match image D:\Coding\TakeBackSummer\Library\PackageCache\com.unity.visualscripting@1.7.8\Editor\VisualScripting.Core\Dependencies\DotNetZip\Unity.VisualScripting.IonicZip.dll
Native extension for UWP target not found
Native extension for LinuxStandalone target not found
Native extension for WindowsStandalone target not found
Native extension for AppleTV target not found
Native extension for iOS target not found
Native extension for Android target not found
Native extension for OSXStandalone target not found
Native extension for WebGL target not found
Refreshing native plugins compatible for Editor in 1.26 ms, found 4 plugins.
Preloading 0 native plugins for Editor in 0.00 ms.
Mono: successfully reloaded assembly
- Completed reload, in  1.260 seconds
Domain Reload Profiling:
	ReloadAssembly (1260ms)
		BeginReloadAssembly (139ms)
			ExecutionOrderSort (0ms)
			DisableScriptedObjects (6ms)
			BackupInstance (0ms)
			ReleaseScriptingObjects (0ms)
			CreateAndSetChildDomain (33ms)
		EndReloadAssembly (1028ms)
			LoadAssemblies (102ms)
			RebuildTransferFunctionScriptingTraits (0ms)
			SetupTypeCache (269ms)
			ReleaseScriptCaches (1ms)
			RebuildScriptCaches (54ms)
			SetupLoadedEditorAssemblies (549ms)
				LogAssemblyErrors (0ms)
				InitializePlatformSupportModulesInManaged (60ms)
				SetLoadedEditorAssemblies (1ms)
				RefreshPlugins (1ms)
				BeforeProcessingInitializeOnLoad (99ms)
				ProcessInitializeOnLoadAttributes (333ms)
				ProcessInitializeOnLoadMethodAttributes (41ms)
				AfterProcessingInitializeOnLoad (13ms)
				EditorAssembliesLoaded (0ms)
			ExecutionOrderSort2 (0ms)
			AwakeInstancesAfterBackupRestoration (11ms)
Platform modules already initialized, skipping
Refreshing native plugins compatible for Editor in 2.57 ms, found 4 plugins.
Preloading 0 native plugins for Editor in 0.00 ms.
Unloading 4590 Unused Serialized files (Serialized files now loaded: 0)
Unloading 34 unused Assets / (260.9 KB). Loaded Objects now: 5186.
Memory consumption went from 176.5 MB to 176.2 MB.
Total: 4.098700 ms (FindLiveObjects: 0.517800 ms CreateObjectMapping: 0.347400 ms MarkObjects: 3.076100 ms  DeleteObjects: 0.156500 ms)

AssetImportParameters requested are different than current active one (requested -> active):
  custom:video-decoder-ogg-theora: a1e56fd34408186e4bbccfd4996cb3dc -> 
  custom:container-muxer-webm: aa71ff27fc2769a1b78a27578f13a17b -> 
  custom:container-demuxer-webm: 4f35f7cbe854078d1ac9338744f61a02 -> 
  custom:video-encoder-webm-vp8: eb34c28f22e8b96e1ab97ce403110664 -> 
  custom:audio-encoder-webm-vorbis: bf7c407c2cedff20999df2af8eb42d56 -> 
  custom:framework-win-MediaFoundation: 216162199b28c13a410421893ffa2e32 -> 
  custom:container-demuxer-ogg: 62fdf1f143b41e24485cea50d1cbac27 -> 
  custom:video-decoder-webm-vp8: 9c59270c3fd7afecdb556c50c9e8de78 -> 
  custom:audio-decoder-ogg-vorbis: bf7c407c2cedff20999df2af8eb42d56 -> 
========================================================================
Received Import Request.
  Time since last request: 581.987601 seconds.
  path: Assets/Materials/FullFriction.physicsMaterial2D
  artifactKey: Guid(82ca388518eaa7d469220660e198cb6d) Importer(815301076,1909f56bfc062723c751e8b465ee728b)
Start importing Assets/Materials/FullFriction.physicsMaterial2D using Guid(82ca388518eaa7d469220660e198cb6d) Importer(815301076,1909f56bfc062723c751e8b465ee728b)  -> (artifact id: '95fc5c58d046c8232c4b20781727af3b') in 0.025120 seconds 
========================================================================
Received Import Request.
  Time since last request: 11.355898 seconds.
  path: Assets/Materials/NewAudioMixer.mixer
  artifactKey: Guid(79ac96a9fb3a3a14a8caefadb0557783) Importer(815301076,1909f56bfc062723c751e8b465ee728b)
Start importing Assets/Materials/NewAudioMixer.mixer using Guid(79ac96a9fb3a3a14a8caefadb0557783) Importer(815301076,1909f56bfc062723c751e8b465ee728b)  -> (artifact id: '72a515aad0ac23452b2eb7a534f9310c') in 0.482937 seconds 
========================================================================
Received Import Request.
  Time since last request: 15.110203 seconds.
  path: Assets/Materials/Bouncer.physicsMaterial2D
  artifactKey: Guid(518d7fdae8e31154fbeded7e83fd1987) Importer(815301076,1909f56bfc062723c751e8b465ee728b)
Start importing Assets/Materials/Bouncer.physicsMaterial2D using Guid(518d7fdae8e31154fbeded7e83fd1987) Importer(815301076,1909f56bfc062723c751e8b465ee728b)  -> (artifact id: 'f9b85708f534531f3a717d353e225e6e') in 0.001806 seconds 
========================================================================
Received Import Request.
  Time since last request: 66.480109 seconds.
  path: ProjectSettings/TagManager.asset
  artifactKey: Guid(00000000000000003000000000000000) Importer(815301076,1909f56bfc062723c751e8b465ee728b)
Start importing ProjectSettings/TagManager.asset using Guid(00000000000000003000000000000000) Importer(815301076,1909f56bfc062723c751e8b465ee728b)  -> (artifact id: 'e01664fe2ff255b498d61b60bbfa4015') in 0.003143 seconds 
========================================================================
Received Prepare
Registering precompiled user dll's ...
Registered in 0.007071 seconds.
Begin MonoManager ReloadAssembly
Symbol file LoadedFromMemory doesn't match image D:\Coding\TakeBackSummer\Library\PackageCache\com.unity.visualscripting@1.7.8\Editor\VisualScripting.Core\Dependencies\YamlDotNet\Unity.VisualScripting.YamlDotNet.dll
Symbol file LoadedFromMemory doesn't match image D:\Coding\TakeBackSummer\Library\PackageCache\com.unity.visualscripting@1.7.8\Editor\VisualScripting.Core\Dependencies\DotNetZip\Unity.VisualScripting.IonicZip.dll
Native extension for UWP target not found
Native extension for LinuxStandalone target not found
Native extension for WindowsStandalone target not found
Native extension for AppleTV target not found
Native extension for iOS target not found
Native extension for Android target not found
Native extension for OSXStandalone target not found
Native extension for WebGL target not found
Refreshing native plugins compatible for Editor in 1.30 ms, found 4 plugins.
Preloading 0 native plugins for Editor in 0.00 ms.
Mono: successfully reloaded assembly
- Completed reload, in  1.205 seconds
Domain Reload Profiling:
	ReloadAssembly (1206ms)
		BeginReloadAssembly (130ms)
			ExecutionOrderSort (0ms)
			DisableScriptedObjects (6ms)
			BackupInstance (0ms)
			ReleaseScriptingObjects (0ms)
			CreateAndSetChildDomain (35ms)
		EndReloadAssembly (973ms)
			LoadAssemblies (96ms)
			RebuildTransferFunctionScriptingTraits (0ms)
			SetupTypeCache (253ms)
			ReleaseScriptCaches (1ms)
			RebuildScriptCaches (49ms)
			SetupLoadedEditorAssemblies (515ms)
				LogAssemblyErrors (0ms)
				InitializePlatformSupportModulesInManaged (55ms)
				SetLoadedEditorAssemblies (1ms)
				RefreshPlugins (1ms)
				BeforeProcessingInitializeOnLoad (91ms)
				ProcessInitializeOnLoadAttributes (315ms)
				ProcessInitializeOnLoadMethodAttributes (40ms)
				AfterProcessingInitializeOnLoad (12ms)
				EditorAssembliesLoaded (0ms)
			ExecutionOrderSort2 (0ms)
			AwakeInstancesAfterBackupRestoration (9ms)
Platform modules already initialized, skipping
Refreshing native plugins compatible for Editor in 2.58 ms, found 4 plugins.
Preloading 0 native plugins for Editor in 0.00 ms.
Unloading 4590 Unused Serialized files (Serialized files now loaded: 0)
Unloading 35 unused Assets / (261.0 KB). Loaded Objects now: 5201.
Memory consumption went from 176.5 MB to 176.3 MB.
Total: 2.905800 ms (FindLiveObjects: 0.310300 ms CreateObjectMapping: 0.229600 ms MarkObjects: 2.229400 ms  DeleteObjects: 0.135600 ms)

AssetImportParameters requested are different than current active one (requested -> active):
  custom:video-decoder-ogg-theora: a1e56fd34408186e4bbccfd4996cb3dc -> 
  custom:container-muxer-webm: aa71ff27fc2769a1b78a27578f13a17b -> 
  custom:container-demuxer-webm: 4f35f7cbe854078d1ac9338744f61a02 -> 
  custom:video-encoder-webm-vp8: eb34c28f22e8b96e1ab97ce403110664 -> 
  custom:audio-encoder-webm-vorbis: bf7c407c2cedff20999df2af8eb42d56 -> 
  custom:framework-win-MediaFoundation: 216162199b28c13a410421893ffa2e32 -> 
  custom:container-demuxer-ogg: 62fdf1f143b41e24485cea50d1cbac27 -> 
  custom:video-decoder-webm-vp8: 9c59270c3fd7afecdb556c50c9e8de78 -> 
  custom:audio-decoder-ogg-vorbis: bf7c407c2cedff20999df2af8eb42d56 -> 
========================================================================
Received Import Request.
  Time since last request: 320.752978 seconds.
  path: Assets/testMap/forests/Forest_Tileset_x4_0.asset
  artifactKey: Guid(c1427667e3b680341a94f09b3d0f987b) Importer(815301076,1909f56bfc062723c751e8b465ee728b)
Start importing Assets/testMap/forests/Forest_Tileset_x4_0.asset using Guid(c1427667e3b680341a94f09b3d0f987b) Importer(815301076,1909f56bfc062723c751e8b465ee728b)  -> (artifact id: 'fae28fe8d8a45a5b95e4467cff1eab88') in 0.049715 seconds 
========================================================================
Received Import Request.
  Time since last request: 0.008422 seconds.
  path: Assets/testMap/forests/Forest_Tileset_x4_1.asset
  artifactKey: Guid(e44248423a2a29a44848729b13283a40) Importer(815301076,1909f56bfc062723c751e8b465ee728b)
Start importing Assets/testMap/forests/Forest_Tileset_x4_1.asset using Guid(e44248423a2a29a44848729b13283a40) Importer(815301076,1909f56bfc062723c751e8b465ee728b)  -> (artifact id: '8cb43018b455eb24ac09a2ed0e5defd0') in 0.008363 seconds 
========================================================================
Received Import Request.
  Time since last request: 0.000029 seconds.
  path: Assets/testMap/forests/Forest_Tileset_x4_3.asset
  artifactKey: Guid(1b74ae08b338a264ba018e84aaed4e58) Importer(815301076,1909f56bfc062723c751e8b465ee728b)
Start importing Assets/testMap/forests/Forest_Tileset_x4_3.asset using Guid(1b74ae08b338a264ba018e84aaed4e58) Importer(815301076,1909f56bfc062723c751e8b465ee728b)  -> (artifact id: 'd959959970ef7ae8c87e1a338ae9ce80') in 0.018589 seconds 
========================================================================
Received Import Request.
  Time since last request: 0.000064 seconds.
  path: Assets/testMap/forests/Forest_Tileset_x4_10.asset
  artifactKey: Guid(bbd6b95effdecaa4e8e4e57407014b94) Importer(815301076,1909f56bfc062723c751e8b465ee728b)
Start importing Assets/testMap/forests/Forest_Tileset_x4_10.asset using Guid(bbd6b95effdecaa4e8e4e57407014b94) Importer(815301076,1909f56bfc062723c751e8b465ee728b)  -> (artifact id: 'fdd7f3ac64975b6b870ab6ab825df052') in 0.008280 seconds 
========================================================================
Received Import Request.
  Time since last request: 0.000028 seconds.
  path: Assets/testMap/forests/Forest_Tileset_x4_4.asset
  artifactKey: Guid(064ba43e0e65bab4f8d06c041af6bc18) Importer(815301076,1909f56bfc062723c751e8b465ee728b)
Start importing Assets/testMap/forests/Forest_Tileset_x4_4.asset using Guid(064ba43e0e65bab4f8d06c041af6bc18) Importer(815301076,1909f56bfc062723c751e8b465ee728b)  -> (artifact id: 'a12d5461fcb6cb04bc3666aff567b740') in 0.008828 seconds 
========================================================================
Received Import Request.
  Time since last request: 0.000044 seconds.
  path: Assets/testMap/forests/Forest_Tileset_x4_11.asset
  artifactKey: Guid(5743dcec04c074f40a28ca0cf5d4da7e) Importer(815301076,1909f56bfc062723c751e8b465ee728b)
Start importing Assets/testMap/forests/Forest_Tileset_x4_11.asset using Guid(5743dcec04c074f40a28ca0cf5d4da7e) Importer(815301076,1909f56bfc062723c751e8b465ee728b)  -> (artifact id: '24c4126107a055a85b0cbe2821febb92') in 0.010696 seconds 
========================================================================
Received Import Request.
  Time since last request: 0.000015 seconds.
  path: Assets/testMap/forests/Forest_Tileset_x4_9.asset
  artifactKey: Guid(0147de2e737b18945a6bb9d2ed6b374d) Importer(815301076,1909f56bfc062723c751e8b465ee728b)
Start importing Assets/testMap/forests/Forest_Tileset_x4_9.asset using Guid(0147de2e737b18945a6bb9d2ed6b374d) Importer(815301076,1909f56bfc062723c751e8b465ee728b)  -> (artifact id: '40ff5a886cef0781923eee38fa301a82') in 0.022892 seconds 
========================================================================
Received Import Request.
  Time since last request: 0.000024 seconds.
  path: Assets/testMap/forests/Forest_Tileset_x4_21.asset
  artifactKey: Guid(c1965ad4779b2ce499ec4f986602bea7) Importer(815301076,1909f56bfc062723c751e8b465ee728b)
Start importing Assets/testMap/forests/Forest_Tileset_x4_21.asset using Guid(c1965ad4779b2ce499ec4f986602bea7) Importer(815301076,1909f56bfc062723c751e8b465ee728b)  -> (artifact id: '3d0e09e8408ceaf181479754d97ba7b4') in 0.010453 seconds 
========================================================================
Received Import Request.
  Time since last request: 0.000020 seconds.
  path: Assets/testMap/forests/Forest_Tileset_x4_13.asset
  artifactKey: Guid(1324f7c7a3230b8438d69031f0ca8fd4) Importer(815301076,1909f56bfc062723c751e8b465ee728b)
Start importing Assets/testMap/forests/Forest_Tileset_x4_13.asset using Guid(1324f7c7a3230b8438d69031f0ca8fd4) Importer(815301076,1909f56bfc062723c751e8b465ee728b)  -> (artifact id: 'e4e0e897524f0791a707b4f7f8408956') in 0.009928 seconds 
========================================================================
Received Import Request.
  Time since last request: 0.000016 seconds.
  path: Assets/testMap/forests/Forest_Tileset_x4_19.asset
  artifactKey: Guid(fbe0f7cf18a93d849b03858933020a1f) Importer(815301076,1909f56bfc062723c751e8b465ee728b)
Start importing Assets/testMap/forests/Forest_Tileset_x4_19.asset using Guid(fbe0f7cf18a93d849b03858933020a1f) Importer(815301076,1909f56bfc062723c751e8b465ee728b)  -> (artifact id: '0b06239111c0952caa09c9bcdf2b2e5a') in 0.007612 seconds 
========================================================================
Received Import Request.
  Time since last request: 0.000016 seconds.
  path: Assets/testMap/forests/Forest_Tileset_x4_17.asset
  artifactKey: Guid(ed0d7ed9db318b24597a1a6de6fe9a25) Importer(815301076,1909f56bfc062723c751e8b465ee728b)
Start importing Assets/testMap/forests/Forest_Tileset_x4_17.asset using Guid(ed0d7ed9db318b24597a1a6de6fe9a25) Importer(815301076,1909f56bfc062723c751e8b465ee728b)  -> (artifact id: 'e28736a932f85891d97f1f5eeb43c385') in 0.008033 seconds 
========================================================================
Received Import Request.
  Time since last request: 0.000016 seconds.
  path: Assets/testMap/forests/Forest_Tileset_x4_12.asset
  artifactKey: Guid(1dce027c08a1fcd44819e46eb5f5367e) Importer(815301076,1909f56bfc062723c751e8b465ee728b)
Start importing Assets/testMap/forests/Forest_Tileset_x4_12.asset using Guid(1dce027c08a1fcd44819e46eb5f5367e) Importer(815301076,1909f56bfc062723c751e8b465ee728b)  -> (artifact id: '5cca47e9cc6e6c769a9354d2f91eec50') in 0.009381 seconds 
========================================================================
Received Import Request.
  Time since last request: 0.000018 seconds.
  path: Assets/testMap/forests/Forest_Tileset_x4_15.asset
  artifactKey: Guid(d8ed3ccfb98a7e94da9009a28411fcfb) Importer(815301076,1909f56bfc062723c751e8b465ee728b)
Start importing Assets/testMap/forests/Forest_Tileset_x4_15.asset using Guid(d8ed3ccfb98a7e94da9009a28411fcfb) Importer(815301076,1909f56bfc062723c751e8b465ee728b)  -> (artifact id: 'e41738b1b54fd553152f16ccd541204b') in 0.009888 seconds 
========================================================================
Received Import Request.
  Time since last request: 0.000018 seconds.
  path: Assets/testMap/forests/Forest_Tileset_x4_7.asset
  artifactKey: Guid(6a1d94b9c9ba1df4c820f629479fce5a) Importer(815301076,1909f56bfc062723c751e8b465ee728b)
Start importing Assets/testMap/forests/Forest_Tileset_x4_7.asset using Guid(6a1d94b9c9ba1df4c820f629479fce5a) Importer(815301076,1909f56bfc062723c751e8b465ee728b)  -> (artifact id: '0e003531df144820ab8bdbf09b3fe196') in 0.009061 seconds 
========================================================================
Received Import Request.
  Time since last request: 0.480011 seconds.
  path: Assets/testMap/forests/Forest_Tileset_x4_23.asset
  artifactKey: Guid(4bd3491409f264645a2ede125ed99f49) Importer(815301076,1909f56bfc062723c751e8b465ee728b)
Start importing Assets/testMap/forests/Forest_Tileset_x4_23.asset using Guid(4bd3491409f264645a2ede125ed99f49) Importer(815301076,1909f56bfc062723c751e8b465ee728b)  -> (artifact id: '36ba166f06d7849b479fb8b715bb557d') in 0.008179 seconds 
========================================================================
Received Import Request.
  Time since last request: 0.000016 seconds.
  path: Assets/testMap/forests/Forest_Tileset_x4_32.asset
  artifactKey: Guid(c10335a98e9e211419e0675f970a4b0f) Importer(815301076,1909f56bfc062723c751e8b465ee728b)
Start importing Assets/testMap/forests/Forest_Tileset_x4_32.asset using Guid(c10335a98e9e211419e0675f970a4b0f) Importer(815301076,1909f56bfc062723c751e8b465ee728b)  -> (artifact id: '274b1ac9a04f44afe703c8ed6f02cb30') in 0.006694 seconds 
========================================================================
Received Import Request.
  Time since last request: 0.000016 seconds.
  path: Assets/testMap/forests/Forest_Tileset_x4_28.asset
  artifactKey: Guid(fb6fc21de2d353f48ad8aa22f953da8b) Importer(815301076,1909f56bfc062723c751e8b465ee728b)
Start importing Assets/testMap/forests/Forest_Tileset_x4_28.asset using Guid(fb6fc21de2d353f48ad8aa22f953da8b) Importer(815301076,1909f56bfc062723c751e8b465ee728b)  -> (artifact id: 'f9e3b25fedcb8a6d2d805e02b22c5475') in 0.008387 seconds 
========================================================================
Received Import Request.
  Time since last request: 0.000018 seconds.
  path: Assets/testMap/forests/Forest_Tileset_x4_30.asset
  artifactKey: Guid(2f26a1219103b924c9fc11eb73dd8009) Importer(815301076,1909f56bfc062723c751e8b465ee728b)
Start importing Assets/testMap/forests/Forest_Tileset_x4_30.asset using Guid(2f26a1219103b924c9fc11eb73dd8009) Importer(815301076,1909f56bfc062723c751e8b465ee728b)  -> (artifact id: 'b3604c4879a9d6dc62ca2c9011e5c088') in 0.006885 seconds 
========================================================================
Received Import Request.
  Time since last request: 0.000020 seconds.
  path: Assets/testMap/forests/Forest_Tileset_x4_35.asset
  artifactKey: Guid(c34b39be222a53449bff896ea906f560) Importer(815301076,1909f56bfc062723c751e8b465ee728b)
Start importing Assets/testMap/forests/Forest_Tileset_x4_35.asset using Guid(c34b39be222a53449bff896ea906f560) Importer(815301076,1909f56bfc062723c751e8b465ee728b)  -> (artifact id: 'ba9edcb4e143a81059f8d349711887c6') in 0.007453 seconds 
========================================================================
Received Import Request.
  Time since last request: 0.000017 seconds.
  path: Assets/testMap/forests/Forest_Tileset_x4_34.asset
  artifactKey: Guid(354a2eba6fdd5334681821bf263263bf) Importer(815301076,1909f56bfc062723c751e8b465ee728b)
Start importing Assets/testMap/forests/Forest_Tileset_x4_34.asset using Guid(354a2eba6fdd5334681821bf263263bf) Importer(815301076,1909f56bfc062723c751e8b465ee728b)  -> (artifact id: '97df4dea9f4a2e11bd79ce78021921f3') in 0.007586 seconds 
========================================================================
Received Import Request.
  Time since last request: 0.000021 seconds.
  path: Assets/testMap/forests/Forest_Tileset_x4_43.asset
  artifactKey: Guid(75a65ad487b2ad04ca60ed6011ce4509) Importer(815301076,1909f56bfc062723c751e8b465ee728b)
Start importing Assets/testMap/forests/Forest_Tileset_x4_43.asset using Guid(75a65ad487b2ad04ca60ed6011ce4509) Importer(815301076,1909f56bfc062723c751e8b465ee728b)  -> (artifact id: 'afae33b95b748195004b4f522000f1ea') in 0.006708 seconds 
========================================================================
Received Import Request.
  Time since last request: 0.000021 seconds.
  path: Assets/testMap/forests/Forest_Tileset_x4_39.asset
  artifactKey: Guid(2103ba242503d2545bedefb89f317f2f) Importer(815301076,1909f56bfc062723c751e8b465ee728b)
Start importing Assets/testMap/forests/Forest_Tileset_x4_39.asset using Guid(2103ba242503d2545bedefb89f317f2f) Importer(815301076,1909f56bfc062723c751e8b465ee728b)  -> (artifact id: '98cd399ab80d618c15de6a975e66035e') in 0.005449 seconds 
========================================================================
Received Import Request.
  Time since last request: 0.000016 seconds.
  path: Assets/testMap/forests/Forest_Tileset_x4_36.asset
  artifactKey: Guid(517372a02d37be3478f897f36e006840) Importer(815301076,1909f56bfc062723c751e8b465ee728b)
Start importing Assets/testMap/forests/Forest_Tileset_x4_36.asset using Guid(517372a02d37be3478f897f36e006840) Importer(815301076,1909f56bfc062723c751e8b465ee728b)  -> (artifact id: '7f393bbe7cd2922105f6b83c73a3baf2') in 0.006932 seconds 
========================================================================
Received Import Request.
  Time since last request: 0.000017 seconds.
  path: Assets/testMap/forests/Forest_Tileset_x4_31.asset
  artifactKey: Guid(3c1263b24f70d0c40a8f7d21dc31d875) Importer(815301076,1909f56bfc062723c751e8b465ee728b)
Start importing Assets/testMap/forests/Forest_Tileset_x4_31.asset using Guid(3c1263b24f70d0c40a8f7d21dc31d875) Importer(815301076,1909f56bfc062723c751e8b465ee728b)  -> (artifact id: 'f8569975d4cf9618a25a22144785df67') in 0.007215 seconds 
========================================================================
Received Import Request.
  Time since last request: 0.000017 seconds.
  path: Assets/testMap/forests/Forest_Tileset_x4_29.asset
  artifactKey: Guid(97520bcc65807bd48b7b280e9c000945) Importer(815301076,1909f56bfc062723c751e8b465ee728b)
Start importing Assets/testMap/forests/Forest_Tileset_x4_29.asset using Guid(97520bcc65807bd48b7b280e9c000945) Importer(815301076,1909f56bfc062723c751e8b465ee728b)  -> (artifact id: '1033cd8c63ded4d37b9fc3831b913787') in 0.008423 seconds 
========================================================================
Received Import Request.
  Time since last request: 0.792871 seconds.
  path: Assets/testMap/forests/Forest_Tileset_x4_45.asset
  artifactKey: Guid(b0cbce9c48690fb42b2e902dd0b1bb01) Importer(815301076,1909f56bfc062723c751e8b465ee728b)
Start importing Assets/testMap/forests/Forest_Tileset_x4_45.asset using Guid(b0cbce9c48690fb42b2e902dd0b1bb01) Importer(815301076,1909f56bfc062723c751e8b465ee728b)  -> (artifact id: '01fd7bc4f310d67cffc47d66955542bf') in 0.008106 seconds 
========================================================================
Received Import Request.
  Time since last request: 0.000018 seconds.
  path: Assets/testMap/forests/Forest_Tileset_x4_55.asset
  artifactKey: Guid(8d7ccb80337ac8a4d9d0409c81f85381) Importer(815301076,1909f56bfc062723c751e8b465ee728b)
Start importing Assets/testMap/forests/Forest_Tileset_x4_55.asset using Guid(8d7ccb80337ac8a4d9d0409c81f85381) Importer(815301076,1909f56bfc062723c751e8b465ee728b)  -> (artifact id: 'af891cd09d899dee0bb546911ce0ce1b') in 0.007561 seconds 
========================================================================
Received Import Request.
  Time since last request: 0.000018 seconds.
  path: Assets/testMap/forests/Forest_Tileset_x4_48.asset
  artifactKey: Guid(2c42833889a78974085b34dc94f249f6) Importer(815301076,1909f56bfc062723c751e8b465ee728b)
Start importing Assets/testMap/forests/Forest_Tileset_x4_48.asset using Guid(2c42833889a78974085b34dc94f249f6) Importer(815301076,1909f56bfc062723c751e8b465ee728b)  -> (artifact id: '131e2c07cc97fa2a7349ca87851b38ac') in 0.007564 seconds 
========================================================================
Received Import Request.
  Time since last request: 0.000016 seconds.
  path: Assets/testMap/forests/Forest_Tileset_x4_54.asset
  artifactKey: Guid(cd51d8120ee588f4f8929b6da8de00e9) Importer(815301076,1909f56bfc062723c751e8b465ee728b)
Start importing Assets/testMap/forests/Forest_Tileset_x4_54.asset using Guid(cd51d8120ee588f4f8929b6da8de00e9) Importer(815301076,1909f56bfc062723c751e8b465ee728b)  -> (artifact id: 'b7696e6b7fff47af7586235c5b02276c') in 0.006597 seconds 
========================================================================
Received Import Request.
  Time since last request: 0.000021 seconds.
  path: Assets/testMap/forests/Forest_Tileset_x4_47.asset
  artifactKey: Guid(7d5897beea58a58488a0ba30212783c5) Importer(815301076,1909f56bfc062723c751e8b465ee728b)
Start importing Assets/testMap/forests/Forest_Tileset_x4_47.asset using Guid(7d5897beea58a58488a0ba30212783c5) Importer(815301076,1909f56bfc062723c751e8b465ee728b)  -> (artifact id: '2a155c2fbc27d3e206a3f5a6f2f3e1e6') in 0.005701 seconds 
========================================================================
Received Import Request.
  Time since last request: 0.000017 seconds.
  path: Assets/testMap/forests/Forest_Tileset_x4_49.asset
  artifactKey: Guid(d0a80401ab8513442892a83a8f08485a) Importer(815301076,1909f56bfc062723c751e8b465ee728b)
Start importing Assets/testMap/forests/Forest_Tileset_x4_49.asset using Guid(d0a80401ab8513442892a83a8f08485a) Importer(815301076,1909f56bfc062723c751e8b465ee728b)  -> (artifact id: '002c1f746a02e6a1a1f65aefc8af27f3') in 0.007856 seconds 
Editor requested this worker to shutdown with reason: Scaling down because of idle timeout
AssetImportWorker is now disconnected from the server
Process exiting
Exiting without the bug reporter. Application will terminate with return code 0